<?xml version="1.0" encoding="UTF-8"?>
<testsuite xmlns:xsi="http://www.w3.org/2001/XMLSchema-instance" xsi:noNamespaceSchemaLocation="https://maven.apache.org/surefire/maven-surefire-plugin/xsd/surefire-test-report.xsd" name="com.virtuoso.suites.SuiteTest" time="102.371" tests="5" errors="5" skipped="0" failures="0">
  <properties>
[...]
</properties>
  <testcase name="verificationApproveRequestTPH" classname="com.virtuoso.suites.testcases.mobile.RequestTPH" time="6.358">
    <error message="Index: 0, Size: 0" type="java.lang.IndexOutOfBoundsException">java.lang.IndexOutOfBoundsException: Index: 0, Size: 0
</error>
    <system-out><![CDATA[Execution Platform Name : android
Execution Environment Name : local
Warning: Using AppiumDriverLocalService or AppiumServiceBuilder in Xamarin Test Cloud is not supported
&amp#27;[35m[Appium]&amp#27;[39m Welcome to Appium v1.12.1
&amp#27;[35m[Appium]&amp#27;[39m Non-default server args:
&amp#27;[35m[Appium]&amp#27;[39m   address: 127.0.0.1
&amp#27;[35m[Appium]&amp#27;[39m   port: 11822
&amp#27;[35m[Appium]&amp#27;[39m Appium REST http interface listener started on 127.0.0.1:11822
&amp#27;[35m[HTTP]&amp#27;[39m &amp#27;[37m-->&amp#27;[39m &amp#27;[37mGET&amp#27;[39m &amp#27;[37m/wd/hub/status&amp#27;[39m
&amp#27;[35m[HTTP]&amp#27;[39m &amp#27;[90m{}&amp#27;[39m
[debug] &amp#27;[35m[GENERIC]&amp#27;[39m Calling AppiumDriver.getStatus() with args: []
[debug] &amp#27;[35m[GENERIC]&amp#27;[39m Responding to client with driver.getStatus() result: {"build":{"version":"1.12.1"}}
&amp#27;[35m[HTTP]&amp#27;[39m &amp#27;[37m<-- GET /wd/hub/status &amp#27;[39m&amp#27;[32m200&amp#27;[39m &amp#27;[90m6 ms - 68&amp#27;[39m
&amp#27;[35m[HTTP]&amp#27;[39m &amp#27;[90m&amp#27;[39m
&amp#27;[35m[HTTP]&amp#27;[39m &amp#27;[37m-->&amp#27;[39m &amp#27;[37mPOST&amp#27;[39m &amp#27;[37m/wd/hub/session&amp#27;[39m
&amp#27;[35m[HTTP]&amp#27;[39m &amp#27;[90m{"desiredCapabilities":{"app":"/Users/ashok/virtuoso-automation/target/test-classes/virtuoso.apk","noReset":true,"newCommandTimeout":"500","automationName":"UiAutomator2","platformName":"Android","deviceName":"ignored","fullReset":false},"capabilities":{"firstMatch":[{"appium:app":"/Users/ashok/virtuoso-automation/target/test-classes/virtuoso.apk","appium:automationName":"UiAutomator2","appium:deviceName":"ignored","appium:fullReset":false,"appium:newCommandTimeout":"500","appium:noReset":true,"platformName":"android"}]}}&amp#27;[39m
[debug] &amp#27;[35m[W3C]&amp#27;[39m Calling AppiumDriver.createSession() with args: [{"app":"/Users/ashok/virtuoso-automation/target/test-classes/virtuoso.apk","noReset":true,"newCommandTimeout":"500","automationName":"UiAutomator2","platformName":"Android","deviceName":"ignored","fullReset":false},null,{"firstMatch":[{"appium:app":"/Users/ashok/virtuoso-automation/target/test-classes/virtuoso.apk","appium:automationName":"UiAutomator2","appium:deviceName":"ignored","appium:fullReset":false,"appium:newCommandTimeout":"500","appium:noReset":true,"platformName":"android"}]}]
[debug] &amp#27;[35m[BaseDriver]&amp#27;[39m Event 'newSessionRequested' logged at 1559108887755 (11:18:07 GMT+0530 (India Standard Time))
&amp#27;[35m[BaseDriver]&amp#27;[39m Number capability passed in as string. Functionality may be compromised.
&amp#27;[35m[Appium]&amp#27;[39m Appium v1.12.1 creating new AndroidUiautomator2Driver (v1.33.0) session
&amp#27;[35m[Appium]&amp#27;[39m Capabilities:
&amp#27;[35m[Appium]&amp#27;[39m   platformName: android
&amp#27;[35m[Appium]&amp#27;[39m   app: /Users/ashok/virtuoso-automation/target/test-classes/virtuoso.apk
&amp#27;[35m[Appium]&amp#27;[39m   automationName: UiAutomator2
&amp#27;[35m[Appium]&amp#27;[39m   deviceName: ignored
&amp#27;[35m[Appium]&amp#27;[39m   fullReset: false
&amp#27;[35m[Appium]&amp#27;[39m   newCommandTimeout: 500
&amp#27;[35m[Appium]&amp#27;[39m   noReset: true
[debug] &amp#27;[35m[BaseDriver]&amp#27;[39m W3C capabilities {"alwaysMatch":{"platformNa... and MJSONWP desired capabilities {"app":"/Users/ashok/virtuo... were provided
[debug] &amp#27;[35m[BaseDriver]&amp#27;[39m Creating session with W3C capabilities: {"alwaysMatch":{"platformNa...
&amp#27;[35m[BaseDriver]&amp#27;[39m Number capability passed in as string. Functionality may be compromised.
&amp#27;[35m[BaseDriver]&amp#27;[39m Capability 'newCommandTimeout' changed from string ('500') to integer (500). This may cause unexpected behavior
&amp#27;[35m[BaseDriver]&amp#27;[39m Session created with session id: ba66ce3b-1a96-4765-9c02-64f8649af800
&amp#27;[35m[BaseDriver]&amp#27;[39m Using local app '/Users/ashok/virtuoso-automation/target/test-classes/virtuoso.apk'
[debug] &amp#27;[35m[UiAutomator2]&amp#27;[39m Checking whether app is actually present
&amp#27;[35m[ADB]&amp#27;[39m Checking whether adb is present
&amp#27;[35m[ADB]&amp#27;[39m Found 1 'build-tools' folders under '/Users/ashok/Library/Android/sdk' (newest first):
&amp#27;[35m[ADB]&amp#27;[39m     /Users/ashok/Library/Android/sdk/build-tools/28.0.3
&amp#27;[35m[ADB]&amp#27;[39m Using adb from /Users/ashok/Library/Android/sdk/platform-tools/adb
&amp#27;[35m[AndroidDriver]&amp#27;[39m Retrieving device list
[debug] &amp#27;[35m[ADB]&amp#27;[39m Trying to find a connected android device
[debug] &amp#27;[35m[ADB]&amp#27;[39m Getting connected devices...
[debug] &amp#27;[35m[ADB]&amp#27;[39m 1 device(s) connected
&amp#27;[35m[AndroidDriver]&amp#27;[39m Using device: emulator-5554
[debug] &amp#27;[35m[ADB]&amp#27;[39m Setting device id to emulator-5554
[debug] &amp#27;[35m[ADB]&amp#27;[39m Running '/Users/ashok/Library/Android/sdk/platform-tools/adb -P 5037 -s emulator-5554 shell getprop ro.build.version.sdk'
[debug] &amp#27;[35m[ADB]&amp#27;[39m Current device property 'ro.build.version.sdk': 28
[debug] &amp#27;[35m[ADB]&amp#27;[39m Device API level: 28
&amp#27;[35m[UiAutomator2]&amp#27;[39m Relaxing hidden api policy
[debug] &amp#27;[35m[ADB]&amp#27;[39m Running '/Users/ashok/Library/Android/sdk/platform-tools/adb -P 5037 -s emulator-5554 shell settings put global hidden_api_policy_pre_p_apps 1'
[debug] &amp#27;[35m[ADB]&amp#27;[39m Running '/Users/ashok/Library/Android/sdk/platform-tools/adb -P 5037 -s emulator-5554 shell settings put global hidden_api_policy_p_apps 1'
[debug] &amp#27;[35m[ADB]&amp#27;[39m Running '/Users/ashok/Library/Android/sdk/platform-tools/adb -P 5037 -s emulator-5554 shell settings put global hidden_api_policy 1'
[debug] &amp#27;[35m[AndroidDriver]&amp#27;[39m Parsing package and activity from app manifest
&amp#27;[35m[ADB]&amp#27;[39m Using apkanalyzer from /Users/ashok/Library/Android/sdk/tools/bin/apkanalyzer
[debug] &amp#27;[35m[ADB]&amp#27;[39m Starting '/Users/ashok/Library/Android/sdk/tools/bin/apkanalyzer' with args ["-h","manifest","print","/Users/ashok/virtuoso-automation/target/test-classes/virtuoso.apk"]
&amp#27;[35m[ADB]&amp#27;[39m Package name: 'com.virtuoso'
&amp#27;[35m[ADB]&amp#27;[39m Main activity name: 'com.virtuoso.MainActivity'
[debug] &amp#27;[35m[AndroidDriver]&amp#27;[39m Parsed package and activity are: com.virtuoso/com.virtuoso.MainActivity
[debug] &amp#27;[35m[ADB]&amp#27;[39m Running '/Users/ashok/Library/Android/sdk/platform-tools/adb -P 5037 -s emulator-5554 wait-for-device'
[debug] &amp#27;[35m[ADB]&amp#27;[39m Running '/Users/ashok/Library/Android/sdk/platform-tools/adb -P 5037 -s emulator-5554 shell echo ping'
[debug] &amp#27;[35m[AndroidDriver]&amp#27;[39m Pushing settings apk to device...
[debug] &amp#27;[35m[ADB]&amp#27;[39m Getting install status for io.appium.settings
[debug] &amp#27;[35m[ADB]&amp#27;[39m Running '/Users/ashok/Library/Android/sdk/platform-tools/adb -P 5037 -s emulator-5554 shell dumpsys package io.appium.settings'
[debug] &amp#27;[35m[ADB]&amp#27;[39m 'io.appium.settings' is installed
[debug] &amp#27;[35m[ADB]&amp#27;[39m Getting package info for 'io.appium.settings'
[debug] &amp#27;[35m[ADB]&amp#27;[39m Running '/Users/ashok/Library/Android/sdk/platform-tools/adb -P 5037 -s emulator-5554 shell dumpsys package io.appium.settings'
&amp#27;[35m[ADB]&amp#27;[39m Checking whether aapt is present
&amp#27;[35m[ADB]&amp#27;[39m Using aapt from /Users/ashok/Library/Android/sdk/build-tools/28.0.3/aapt
[debug] &amp#27;[35m[ADB]&amp#27;[39m The version name of the installed 'io.appium.settings' is greater or equal to the application version name ('2.14.0' >= '2.14.0')
[debug] &amp#27;[35m[ADB]&amp#27;[39m There is no need to install/upgrade '/Applications/Appium.app/Contents/Resources/app/node_modules/appium/node_modules/io.appium.settings/apks/settings_apk-debug.apk'
[debug] &amp#27;[35m[ADB]&amp#27;[39m Getting IDs of all 'io.appium.settings' processes
[debug] &amp#27;[35m[ADB]&amp#27;[39m Running '/Users/ashok/Library/Android/sdk/platform-tools/adb -P 5037 -s emulator-5554 shell 'pgrep --help; echo $?''
[debug] &amp#27;[35m[ADB]&amp#27;[39m Running '/Users/ashok/Library/Android/sdk/platform-tools/adb -P 5037 -s emulator-5554 shell pgrep -f \^io\\.appium\\.settings\$'
[debug] &amp#27;[35m[AndroidDriver]&amp#27;[39m io.appium.settings is already running. There is no need to reset its permissions.
[debug] &amp#27;[35m[ADB]&amp#27;[39m Running '/Users/ashok/Library/Android/sdk/platform-tools/adb -P 5037 -s emulator-5554 shell appops set io.appium.settings android\:mock_location allow'
[debug] &amp#27;[35m[Logcat]&amp#27;[39m Starting logcat capture
[debug] &amp#27;[35m[ADB]&amp#27;[39m Getting install status for io.appium.uiautomator2.server
[debug] &amp#27;[35m[ADB]&amp#27;[39m Running '/Users/ashok/Library/Android/sdk/platform-tools/adb -P 5037 -s emulator-5554 shell dumpsys package io.appium.uiautomator2.server'
[debug] &amp#27;[35m[ADB]&amp#27;[39m 'io.appium.uiautomator2.server' is installed
[debug] &amp#27;[35m[ADB]&amp#27;[39m Getting package info for 'io.appium.uiautomator2.server'
[debug] &amp#27;[35m[ADB]&amp#27;[39m Running '/Users/ashok/Library/Android/sdk/platform-tools/adb -P 5037 -s emulator-5554 shell dumpsys package io.appium.uiautomator2.server'
[debug] &amp#27;[35m[ADB]&amp#27;[39m The version name of the installed 'io.appium.uiautomator2.server' is greater or equal to the application version name ('3.4.0' >= '3.4.0')
[debug] &amp#27;[35m[UiAutomator2]&amp#27;[39m io.appium.uiautomator2.server installation state: sameVersionInstalled
[debug] &amp#27;[35m[ADB]&amp#27;[39m Checking app cert for /Applications/Appium.app/Contents/Resources/app/node_modules/appium/node_modules/appium-uiautomator2-server/apks/appium-uiautomator2-server-v3.4.0.apk
&amp#27;[35m[ADB]&amp#27;[39m Using apksigner from /Users/ashok/Library/Android/sdk/build-tools/28.0.3/apksigner
[debug] &amp#27;[35m[ADB]&amp#27;[39m Starting '/Users/ashok/Library/Android/sdk/build-tools/28.0.3/apksigner' with args '["verify","--print-certs","/Applications/Appium.app/Contents/Resources/app/node_modules/appium/node_modules/appium-uiautomator2-server/apks/appium-uiautomator2-server-v3.4.0.apk"]'
[debug] &amp#27;[35m[ADB]&amp#27;[39m apksigner stdout: Signer #1 certificate DN: EMAILADDRESS=android@android.com, CN=Android, OU=Android, O=Android, L=Mountain View, ST=California, C=US
[debug] &amp#27;[35m[ADB]&amp#27;[39m Signer #1 certificate SHA-256 digest: a40da80a59d170caa950cf15c18c454d47a39b26989d8b640ecd745ba71bf5dc
[debug] &amp#27;[35m[ADB]&amp#27;[39m Signer #1 certificate SHA-1 digest: 61ed377e85d386a8dfee6b864bd85b0bfaa5af81
[debug] &amp#27;[35m[ADB]&amp#27;[39m Signer #1 certificate MD5 digest: e89b158e4bcf988ebd09eb83f5378e87
[debug] &amp#27;[35m[ADB]&amp#27;[39m 
[debug] &amp#27;[35m[ADB]&amp#27;[39m '/Applications/Appium.app/Contents/Resources/app/node_modules/appium/node_modules/appium-uiautomator2-server/apks/appium-uiautomator2-server-v3.4.0.apk' is already signed.
[debug] &amp#27;[35m[ADB]&amp#27;[39m Getting install status for io.appium.uiautomator2.server.test
[debug] &amp#27;[35m[ADB]&amp#27;[39m Running '/Users/ashok/Library/Android/sdk/platform-tools/adb -P 5037 -s emulator-5554 shell dumpsys package io.appium.uiautomator2.server.test'
[debug] &amp#27;[35m[ADB]&amp#27;[39m 'io.appium.uiautomator2.server.test' is installed
[debug] &amp#27;[35m[ADB]&amp#27;[39m Checking app cert for /Applications/Appium.app/Contents/Resources/app/node_modules/appium/node_modules/appium-uiautomator2-server/apks/appium-uiautomator2-server-debug-androidTest.apk
[debug] &amp#27;[35m[ADB]&amp#27;[39m Starting '/Users/ashok/Library/Android/sdk/build-tools/28.0.3/apksigner' with args '["verify","--print-certs","/Applications/Appium.app/Contents/Resources/app/node_modules/appium/node_modules/appium-uiautomator2-server/apks/appium-uiautomator2-server-debug-androidTest.apk"]'
[debug] &amp#27;[35m[ADB]&amp#27;[39m apksigner stdout: Signer #1 certificate DN: EMAILADDRESS=android@android.com, CN=Android, OU=Android, O=Android, L=Mountain View, ST=California, C=US
[debug] &amp#27;[35m[ADB]&amp#27;[39m Signer #1 certificate SHA-256 digest: a40da80a59d170caa950cf15c18c454d47a39b26989d8b640ecd745ba71bf5dc
[debug] &amp#27;[35m[ADB]&amp#27;[39m Signer #1 certificate SHA-1 digest: 61ed377e85d386a8dfee6b864bd85b0bfaa5af81
[debug] &amp#27;[35m[ADB]&amp#27;[39m Signer #1 certificate MD5 digest: e89b158e4bcf988ebd09eb83f5378e87
[debug] &amp#27;[35m[ADB]&amp#27;[39m 
[debug] &amp#27;[35m[ADB]&amp#27;[39m '/Applications/Appium.app/Contents/Resources/app/node_modules/appium/node_modules/appium-uiautomator2-server/apks/appium-uiautomator2-server-debug-androidTest.apk' is already signed.
&amp#27;[35m[UiAutomator2]&amp#27;[39m Server packages are not going to be (re)installed
[debug] &amp#27;[35m[UiAutomator2]&amp#27;[39m Waiting up to 30000ms for services to be available
[debug] &amp#27;[35m[ADB]&amp#27;[39m Running '/Users/ashok/Library/Android/sdk/platform-tools/adb -P 5037 -s emulator-5554 shell pm list instrumentation'
[debug] &amp#27;[35m[UiAutomator2]&amp#27;[39m Instrumentation target 'io.appium.uiautomator2.server.test/androidx.test.runner.AndroidJUnitRunner' is available
[debug] &amp#27;[35m[UiAutomator2]&amp#27;[39m Forwarding UiAutomator2 Server port 6790 to 8205
[debug] &amp#27;[35m[ADB]&amp#27;[39m Forwarding system: 8205 to device: 6790
[debug] &amp#27;[35m[ADB]&amp#27;[39m Running '/Users/ashok/Library/Android/sdk/platform-tools/adb -P 5037 -s emulator-5554 forward tcp\:8205 tcp\:6790'
[debug] &amp#27;[35m[ADB]&amp#27;[39m Checking app cert for /Users/ashok/virtuoso-automation/target/test-classes/virtuoso.apk
[debug] &amp#27;[35m[ADB]&amp#27;[39m Starting '/Users/ashok/Library/Android/sdk/build-tools/28.0.3/apksigner' with args '["verify","--print-certs","/Users/ashok/virtuoso-automation/target/test-classes/virtuoso.apk"]'
[debug] &amp#27;[35m[ADB]&amp#27;[39m apksigner stdout: Signer #1 certificate DN: CN=Gauri bhalsing, OU=Mobility, O=L&T Infotech, L=Hyderabad, ST=Telangana, C=91
[debug] &amp#27;[35m[ADB]&amp#27;[39m Signer #1 certificate SHA-256 digest: 0740bb9bfbebfc70a72db4211ad4ce9e284169056fdd37de2c1505d9f0feef3f
[debug] &amp#27;[35m[ADB]&amp#27;[39m Signer #1 certificate SHA-1 digest: 8bcb0c8386756b5810f718f4bd40ce8109e9fdbf
[debug] &amp#27;[35m[ADB]&amp#27;[39m Signer #1 certificate MD5 digest: df25dfbc311e350e705e10da38550bc2
[debug] &amp#27;[35m[ADB]&amp#27;[39m 
[debug] &amp#27;[35m[ADB]&amp#27;[39m '/Users/ashok/virtuoso-automation/target/test-classes/virtuoso.apk' is signed with non-default certificate
&amp#27;[35m[ADB]&amp#27;[39m Checking whether zipalign is present
&amp#27;[35m[ADB]&amp#27;[39m Using zipalign from /Users/ashok/Library/Android/sdk/build-tools/28.0.3/zipalign
[debug] &amp#27;[35m[ADB]&amp#27;[39m /Users/ashok/virtuoso-automation/target/test-classes/virtuoso.apk' is already zip-aligned. Doing nothing
[debug] &amp#27;[35m[ADB]&amp#27;[39m Signing '/Users/ashok/virtuoso-automation/target/test-classes/virtuoso.apk' with default cert
[debug] &amp#27;[35m[ADB]&amp#27;[39m Starting '/Users/ashok/Library/Android/sdk/build-tools/28.0.3/apksigner' with args '["sign","--key","/Applications/Appium.app/Contents/Resources/app/node_modules/appium/node_modules/appium-adb/keys/testkey.pk8","--cert","/Applications/Appium.app/Contents/Resources/app/node_modules/appium/node_modules/appium-adb/keys/testkey.x509.pem","/Users/ashok/virtuoso-automation/target/test-classes/virtuoso.apk"]'
[debug] &amp#27;[35m[ADB]&amp#27;[39m Getting install status for com.virtuoso
[debug] &amp#27;[35m[ADB]&amp#27;[39m Running '/Users/ashok/Library/Android/sdk/platform-tools/adb -P 5037 -s emulator-5554 shell dumpsys package com.virtuoso'
[debug] &amp#27;[35m[ADB]&amp#27;[39m 'com.virtuoso' is installed
[debug] &amp#27;[35m[ADB]&amp#27;[39m Getting package info for 'com.virtuoso'
[debug] &amp#27;[35m[ADB]&amp#27;[39m Running '/Users/ashok/Library/Android/sdk/platform-tools/adb -P 5037 -s emulator-5554 shell dumpsys package com.virtuoso'
[debug] &amp#27;[35m[ADB]&amp#27;[39m The version name of the installed 'com.virtuoso' is greater or equal to the application version name ('2.0.0' >= '2.0.0')
[debug] &amp#27;[35m[ADB]&amp#27;[39m There is no need to install/upgrade '/Users/ashok/virtuoso-automation/target/test-classes/virtuoso.apk'
[debug] &amp#27;[35m[UiAutomator2]&amp#27;[39m Performing shallow cleanup of automation leftovers
[debug] &amp#27;[35m[UiAutomator2]&amp#27;[39m No obsolete sessions have been detected (Error: socket hang up)
[debug] &amp#27;[35m[ADB]&amp#27;[39m Running '/Users/ashok/Library/Android/sdk/platform-tools/adb -P 5037 -s emulator-5554 shell am force-stop io.appium.uiautomator2.server.test'
&amp#27;[35m[UiAutomator2]&amp#27;[39m Starting UIAutomator2 server 3.4.0
&amp#27;[35m[UiAutomator2]&amp#27;[39m Using UIAutomator2 server from '/Applications/Appium.app/Contents/Resources/app/node_modules/appium/node_modules/appium-uiautomator2-server/apks/appium-uiautomator2-server-v3.4.0.apk' and test from '/Applications/Appium.app/Contents/Resources/app/node_modules/appium/node_modules/appium-uiautomator2-server/apks/appium-uiautomator2-server-debug-androidTest.apk'
&amp#27;[35m[UiAutomator2]&amp#27;[39m Waiting up to 30000ms for UiAutomator2 to be online...
[debug] &amp#27;[35m[ADB]&amp#27;[39m Creating ADB subprocess with args: ["-P",5037,"-s","emulator-5554","shell","am","instrument","-w","io.appium.uiautomator2.server.test/androidx.test.runner.AndroidJUnitRunner"]
[debug] &amp#27;[35m[WD Proxy]&amp#27;[39m Matched '/status' to command name 'getStatus'
[debug] &amp#27;[35m[WD Proxy]&amp#27;[39m Proxying [GET /status] to [GET http://localhost:8205/wd/hub/status] with no body
&amp#27;[35m[WD Proxy]&amp#27;[39m Got an unexpected response: {"code":"ECONNRESET"}
[debug] &amp#27;[35m[WD Proxy]&amp#27;[39m Matched '/status' to command name 'getStatus'
[debug] &amp#27;[35m[WD Proxy]&amp#27;[39m Proxying [GET /status] to [GET http://localhost:8205/wd/hub/status] with no body
&amp#27;[35m[WD Proxy]&amp#27;[39m Got an unexpected response: {"code":"ECONNRESET"}
[debug] &amp#27;[35m[Instrumentation]&amp#27;[39m io.appium.uiautomator2.server.test.AppiumUiAutomator2Server:
[debug] &amp#27;[35m[WD Proxy]&amp#27;[39m Matched '/status' to command name 'getStatus'
[debug] &amp#27;[35m[WD Proxy]&amp#27;[39m Proxying [GET /status] to [GET http://localhost:8205/wd/hub/status] with no body
&amp#27;[35m[WD Proxy]&amp#27;[39m Got an unexpected response: {"code":"ECONNRESET"}
[debug] &amp#27;[35m[WD Proxy]&amp#27;[39m Matched '/status' to command name 'getStatus'
[debug] &amp#27;[35m[WD Proxy]&amp#27;[39m Proxying [GET /status] to [GET http://localhost:8205/wd/hub/status] with no body
&amp#27;[35m[WD Proxy]&amp#27;[39m Got an unexpected response: {"code":"ECONNRESET"}
[debug] &amp#27;[35m[WD Proxy]&amp#27;[39m Matched '/status' to command name 'getStatus'
[debug] &amp#27;[35m[WD Proxy]&amp#27;[39m Proxying [GET /status] to [GET http://localhost:8205/wd/hub/status] with no body
[debug] &amp#27;[35m[WD Proxy]&amp#27;[39m Got response with status 200: "{\"sessionId\":\"None\",\"status\":0,\"value\":\"Status Invoked\"}"
[debug] &amp#27;[35m[UiAutomator2]&amp#27;[39m The initialization of the instrumentation process took 5090ms
[debug] &amp#27;[35m[WD Proxy]&amp#27;[39m Matched '/session' to command name 'createSession'
[debug] &amp#27;[35m[WD Proxy]&amp#27;[39m Proxying [POST /session] to [POST http://localhost:8205/wd/hub/session] with body: {"desiredCapabilities":{"platform":"LINUX","webStorageEnabled":false,"takesScreenshot":true,"javascriptEnabled":true,"databaseEnabled":false,"networkConnectionEnabled":true,"locationContextEnabled":false,"warnings":{},"desired":{"platformName":"android","app":"/Users/ashok/virtuoso-automation/target/test-classes/virtuoso.apk","automationName":"UiAutomator2","deviceName":"ignored","fullReset":false,"newCommandTimeout":500,"noReset":true},"platformName":"android","app":"/Users/ashok/virtuoso-automation/target/test-classes/virtuoso.apk","automationName":"UiAutomator2","deviceName":"emulator-5554","fullReset":false,"newCommandTimeout":500,"noReset":true,"deviceUDID":"emulator-5554","appPackage":"com.virtuoso"}}
[debug] &amp#27;[35m[WD Proxy]&amp#27;[39m Got response with status 200: {"sessionId":"a8668f86-80ad-442a-adff-128d45ebd73d","status":0,"value":"Created Session"}
[debug] &amp#27;[35m[WD Proxy]&amp#27;[39m Proxying [GET /appium/device/info] to [GET http://localhost:8205/wd/hub/session/a8668f86-80ad-442a-adff-128d45ebd73d/appium/device/info] with no body
[debug] &amp#27;[35m[WD Proxy]&amp#27;[39m Got response with status 200: "{\"sessionId\":\"a8668f86-80ad-442a-adff-128d45ebd73d\",\"status\":0,\"value\":{\"androidId\":\"f369dfffe2988e2f\",\"manufacturer\":\"Google\",\"model\":\"Android SDK built for x86\",\"brand\":\"google\",\"apiVersion\":\"28\",\"platformVersion\":\"9\",\"carrierName\":\"Android\",\"realDisplaySize\":\"1080x1920\",\"displayDensity\":420}}"
[debug] &amp#27;[35m[ADB]&amp#27;[39m Running '/Users/ashok/Library/Android/sdk/platform-tools/adb -P 5037 -s emulator-5554 shell dumpsys window'
&amp#27;[35m[AndroidDriver]&amp#27;[39m Screen already unlocked, doing nothing
&amp#27;[35m[UiAutomator2]&amp#27;[39m UiAutomator2 did not start the activity we were waiting for, 'com.virtuoso/com.virtuoso.MainActivity'. Starting it ourselves
[debug] &amp#27;[35m[ADB]&amp#27;[39m Running '/Users/ashok/Library/Android/sdk/platform-tools/adb -P 5037 -s emulator-5554 shell am start -W -n com.virtuoso/com.virtuoso.MainActivity -S -a android.intent.action.MAIN -c android.intent.category.LAUNCHER -f 0x10200000'
[debug] &amp#27;[35m[ADB]&amp#27;[39m Waiting up to 20000ms for activity matching pkg: 'com.virtuoso' and activity: 'com.virtuoso.MainActivity' to be focused
[debug] &amp#27;[35m[ADB]&amp#27;[39m Possible activities, to be checked: 'com.virtuoso.MainActivity', 'com.virtuoso.com.virtuoso.MainActivity'
[debug] &amp#27;[35m[ADB]&amp#27;[39m Getting focused package and activity
[debug] &amp#27;[35m[ADB]&amp#27;[39m Running '/Users/ashok/Library/Android/sdk/platform-tools/adb -P 5037 -s emulator-5554 shell dumpsys window windows'
[debug] &amp#27;[35m[ADB]&amp#27;[39m Found package: 'com.virtuoso' and fully qualified activity name : 'com.virtuoso.MainActivity'
[debug] &amp#27;[35m[WD Proxy]&amp#27;[39m Proxying [GET /appium/device/pixel_ratio] to [GET http://localhost:8205/wd/hub/session/a8668f86-80ad-442a-adff-128d45ebd73d/appium/device/pixel_ratio] with body: {}
[debug] &amp#27;[35m[WD Proxy]&amp#27;[39m Got response with status 200: "{\"sessionId\":\"a8668f86-80ad-442a-adff-128d45ebd73d\",\"status\":0,\"value\":2.625}"
[debug] &amp#27;[35m[WD Proxy]&amp#27;[39m Matched '/appium/device/system_bars' to command name 'getSystemBars'
[debug] &amp#27;[35m[WD Proxy]&amp#27;[39m Proxying [GET /appium/device/system_bars] to [GET http://localhost:8205/wd/hub/session/a8668f86-80ad-442a-adff-128d45ebd73d/appium/device/system_bars] with body: {}
[debug] &amp#27;[35m[WD Proxy]&amp#27;[39m Got response with status 200: "{\"sessionId\":\"a8668f86-80ad-442a-adff-128d45ebd73d\",\"status\":0,\"value\":{\"statusBar\":63}}"
[debug] &amp#27;[35m[WD Proxy]&amp#27;[39m Matched '/window/current/size' to command name 'getWindowSize'
[debug] &amp#27;[35m[WD Proxy]&amp#27;[39m Proxying [GET /window/current/size] to [GET http://localhost:8205/wd/hub/session/a8668f86-80ad-442a-adff-128d45ebd73d/window/current/size] with body: {}
[debug] &amp#27;[35m[WD Proxy]&amp#27;[39m Got response with status 200: "{\"sessionId\":\"a8668f86-80ad-442a-adff-128d45ebd73d\",\"status\":0,\"value\":{\"height\":1794,\"width\":1080}}"
&amp#27;[35m[Appium]&amp#27;[39m New AndroidUiautomator2Driver session created successfully, session ba66ce3b-1a96-4765-9c02-64f8649af800 added to master session list
[debug] &amp#27;[35m[BaseDriver]&amp#27;[39m Event 'newSessionStarted' logged at 1559108906496 (11:18:26 GMT+0530 (India Standard Time))
[debug] &amp#27;[35m[W3C (ba66ce3b)]&amp#27;[39m Cached the protocol value 'W3C' for the new session ba66ce3b-1a96-4765-9c02-64f8649af800
[debug] &amp#27;[35m[W3C (ba66ce3b)]&amp#27;[39m Responding to client with driver.createSession() result: {"capabilities":{"platform":"LINUX","webStorageEnabled":false,"takesScreenshot":true,"javascriptEnabled":true,"databaseEnabled":false,"networkConnectionEnabled":true,"locationContextEnabled":false,"warnings":{},"desired":{"platformName":"android","app":"/Users/ashok/virtuoso-automation/target/test-classes/virtuoso.apk","automationName":"UiAutomator2","deviceName":"ignored","fullReset":false,"newCommandTimeout":500,"noReset":true},"platformName":"android","app":"/Users/ashok/virtuoso-automation/target/test-classes/virtuoso.apk","automationName":"UiAutomator2","deviceName":"emulator-5554","fullReset":false,"newCommandTimeout":500,"noReset":true,"deviceUDID":"emulator-5554","appPackage":"com.virtuoso","deviceApiLevel":28,"platformVersion":"9","deviceScreenSize":"1080x1920","deviceScreenDensity":420,"deviceModel":"Android SDK built for x86","deviceManufacturer":"Google","pixelRatio":2.625,"statBarHeight":63,"viewportRect":{"left":0,"top":63,"width":1080,"height":1731}}}
&amp#27;[35m[HTTP]&amp#27;[39m &amp#27;[37m<-- POST /wd/hub/session &amp#27;[39m&amp#27;[32m200&amp#27;[39m &amp#27;[90m18744 ms - 1041&amp#27;[39m
&amp#27;[35m[HTTP]&amp#27;[39m &amp#27;[90m&amp#27;[39m
&amp#27;[35m[HTTP]&amp#27;[39m &amp#27;[37m-->&amp#27;[39m &amp#27;[37mGET&amp#27;[39m &amp#27;[37m/wd/hub/session/ba66ce3b-1a96-4765-9c02-64f8649af800&amp#27;[39m
&amp#27;[35m[HTTP]&amp#27;[39m &amp#27;[90m{}&amp#27;[39m
[debug] &amp#27;[35m[W3C (ba66ce3b)]&amp#27;[39m Calling AppiumDriver.getSession() with args: ["ba66ce3b-1a96-4765-9c02-64f8649af800"]
[debug] &amp#27;[35m[UiAutomator2]&amp#27;[39m Getting session details from server to mix in
[debug] &amp#27;[35m[WD Proxy]&amp#27;[39m Matched '/' to command name 'getSession'
[debug] &amp#27;[35m[WD Proxy]&amp#27;[39m Proxying [GET /] to [GET http://localhost:8205/wd/hub/session/a8668f86-80ad-442a-adff-128d45ebd73d] with body: {}
[debug] &amp#27;[35m[WD Proxy]&amp#27;[39m Got response with status 200: "{\"sessionId\":\"a8668f86-80ad-442a-adff-128d45ebd73d\",\"status\":0,\"value\":{}}"
[debug] &amp#27;[35m[W3C (ba66ce3b)]&amp#27;[39m Responding to client with driver.getSession() result: {"platform":"LINUX","webStorageEnabled":false,"takesScreenshot":true,"javascriptEnabled":true,"databaseEnabled":false,"networkConnectionEnabled":true,"locationContextEnabled":false,"warnings":{},"desired":{"platformName":"android","app":"/Users/ashok/virtuoso-automation/target/test-classes/virtuoso.apk","automationName":"UiAutomator2","deviceName":"ignored","fullReset":false,"newCommandTimeout":500,"noReset":true},"platformName":"android","app":"/Users/ashok/virtuoso-automation/target/test-classes/virtuoso.apk","automationName":"UiAutomator2","deviceName":"emulator-5554","fullReset":false,"newCommandTimeout":500,"noReset":true,"deviceUDID":"emulator-5554","appPackage":"com.virtuoso","deviceApiLevel":28,"platformVersion":"9","deviceScreenSize":"1080x1920","deviceScreenDensity":420,"deviceModel":"Android SDK built for x86","deviceManufacturer":"Google","pixelRatio":2.625,"statBarHeight":63,"viewportRect":{"left":0,"top":63,"width":1080,"height":1731}}
&amp#27;[35m[HTTP]&amp#27;[39m &amp#27;[37m<-- GET /wd/hub/session/ba66ce3b-1a96-4765-9c02-64f8649af800 &amp#27;[39m&amp#27;[32m200&amp#27;[39m &amp#27;[90m72 ms - 973&amp#27;[39m
&amp#27;[35m[HTTP]&amp#27;[39m &amp#27;[90m&amp#27;[39m
&amp#27;[35m[HTTP]&amp#27;[39m &amp#27;[37m-->&amp#27;[39m &amp#27;[37mGET&amp#27;[39m &amp#27;[37m/wd/hub/session/ba66ce3b-1a96-4765-9c02-64f8649af800&amp#27;[39m
&amp#27;[35m[HTTP]&amp#27;[39m &amp#27;[90m{}&amp#27;[39m
[debug] &amp#27;[35m[W3C (ba66ce3b)]&amp#27;[39m Calling AppiumDriver.getSession() with args: ["ba66ce3b-1a96-4765-9c02-64f8649af800"]
[debug] &amp#27;[35m[UiAutomator2]&amp#27;[39m Getting session details from server to mix in
[debug] &amp#27;[35m[WD Proxy]&amp#27;[39m Matched '/' to command name 'getSession'
[debug] &amp#27;[35m[WD Proxy]&amp#27;[39m Proxying [GET /] to [GET http://localhost:8205/wd/hub/session/a8668f86-80ad-442a-adff-128d45ebd73d] with body: {}
[debug] &amp#27;[35m[WD Proxy]&amp#27;[39m Got response with status 200: "{\"sessionId\":\"a8668f86-80ad-442a-adff-128d45ebd73d\",\"status\":0,\"value\":{}}"
[debug] &amp#27;[35m[W3C (ba66ce3b)]&amp#27;[39m Responding to client with driver.getSession() result: {"platform":"LINUX","webStorageEnabled":false,"takesScreenshot":true,"javascriptEnabled":true,"databaseEnabled":false,"networkConnectionEnabled":true,"locationContextEnabled":false,"warnings":{},"desired":{"platformName":"android","app":"/Users/ashok/virtuoso-automation/target/test-classes/virtuoso.apk","automationName":"UiAutomator2","deviceName":"ignored","fullReset":false,"newCommandTimeout":500,"noReset":true},"platformName":"android","app":"/Users/ashok/virtuoso-automation/target/test-classes/virtuoso.apk","automationName":"UiAutomator2","deviceName":"emulator-5554","fullReset":false,"newCommandTimeout":500,"noReset":true,"deviceUDID":"emulator-5554","appPackage":"com.virtuoso","deviceApiLevel":28,"platformVersion":"9","deviceScreenSize":"1080x1920","deviceScreenDensity":420,"deviceModel":"Android SDK built for x86","deviceManufacturer":"Google","pixelRatio":2.625,"statBarHeight":63,"viewportRect":{"left":0,"top":63,"width":1080,"height":1731}}
&amp#27;[35m[HTTP]&amp#27;[39m &amp#27;[37m<-- GET /wd/hub/session/ba66ce3b-1a96-4765-9c02-64f8649af800 &amp#27;[39m&amp#27;[32m200&amp#27;[39m &amp#27;[90m10 ms - 973&amp#27;[39m
&amp#27;[35m[HTTP]&amp#27;[39m &amp#27;[90m&amp#27;[39m
&amp#27;[35m[HTTP]&amp#27;[39m &amp#27;[37m-->&amp#27;[39m &amp#27;[37mGET&amp#27;[39m &amp#27;[37m/wd/hub/session/ba66ce3b-1a96-4765-9c02-64f8649af800&amp#27;[39m
&amp#27;[35m[HTTP]&amp#27;[39m &amp#27;[90m{}&amp#27;[39m
[debug] &amp#27;[35m[W3C (ba66ce3b)]&amp#27;[39m Calling AppiumDriver.getSession() with args: ["ba66ce3b-1a96-4765-9c02-64f8649af800"]
[debug] &amp#27;[35m[UiAutomator2]&amp#27;[39m Getting session details from server to mix in
[debug] &amp#27;[35m[WD Proxy]&amp#27;[39m Matched '/' to command name 'getSession'
[debug] &amp#27;[35m[WD Proxy]&amp#27;[39m Proxying [GET /] to [GET http://localhost:8205/wd/hub/session/a8668f86-80ad-442a-adff-128d45ebd73d] with body: {}
[debug] &amp#27;[35m[WD Proxy]&amp#27;[39m Got response with status 200: "{\"sessionId\":\"a8668f86-80ad-442a-adff-128d45ebd73d\",\"status\":0,\"value\":{}}"
[debug] &amp#27;[35m[W3C (ba66ce3b)]&amp#27;[39m Responding to client with driver.getSession() result: {"platform":"LINUX","webStorageEnabled":false,"takesScreenshot":true,"javascriptEnabled":true,"databaseEnabled":false,"networkConnectionEnabled":true,"locationContextEnabled":false,"warnings":{},"desired":{"platformName":"android","app":"/Users/ashok/virtuoso-automation/target/test-classes/virtuoso.apk","automationName":"UiAutomator2","deviceName":"ignored","fullReset":false,"newCommandTimeout":500,"noReset":true},"platformName":"android","app":"/Users/ashok/virtuoso-automation/target/test-classes/virtuoso.apk","automationName":"UiAutomator2","deviceName":"emulator-5554","fullReset":false,"newCommandTimeout":500,"noReset":true,"deviceUDID":"emulator-5554","appPackage":"com.virtuoso","deviceApiLevel":28,"platformVersion":"9","deviceScreenSize":"1080x1920","deviceScreenDensity":420,"deviceModel":"Android SDK built for x86","deviceManufacturer":"Google","pixelRatio":2.625,"statBarHeight":63,"viewportRect":{"left":0,"top":63,"width":1080,"height":1731}}
&amp#27;[35m[HTTP]&amp#27;[39m &amp#27;[37m<-- GET /wd/hub/session/ba66ce3b-1a96-4765-9c02-64f8649af800 &amp#27;[39m&amp#27;[32m200&amp#27;[39m &amp#27;[90m11 ms - 973&amp#27;[39m
&amp#27;[35m[HTTP]&amp#27;[39m &amp#27;[90m&amp#27;[39m
&amp#27;[35m[HTTP]&amp#27;[39m &amp#27;[37m-->&amp#27;[39m &amp#27;[37mGET&amp#27;[39m &amp#27;[37m/wd/hub/session/ba66ce3b-1a96-4765-9c02-64f8649af800&amp#27;[39m
&amp#27;[35m[HTTP]&amp#27;[39m &amp#27;[90m{}&amp#27;[39m
[debug] &amp#27;[35m[W3C (ba66ce3b)]&amp#27;[39m Calling AppiumDriver.getSession() with args: ["ba66ce3b-1a96-4765-9c02-64f8649af800"]
[debug] &amp#27;[35m[UiAutomator2]&amp#27;[39m Getting session details from server to mix in
[debug] &amp#27;[35m[WD Proxy]&amp#27;[39m Matched '/' to command name 'getSession'
[debug] &amp#27;[35m[WD Proxy]&amp#27;[39m Proxying [GET /] to [GET http://localhost:8205/wd/hub/session/a8668f86-80ad-442a-adff-128d45ebd73d] with body: {}
[debug] &amp#27;[35m[WD Proxy]&amp#27;[39m Got response with status 200: "{\"sessionId\":\"a8668f86-80ad-442a-adff-128d45ebd73d\",\"status\":0,\"value\":{}}"
[debug] &amp#27;[35m[W3C (ba66ce3b)]&amp#27;[39m Responding to client with driver.getSession() result: {"platform":"LINUX","webStorageEnabled":false,"takesScreenshot":true,"javascriptEnabled":true,"databaseEnabled":false,"networkConnectionEnabled":true,"locationContextEnabled":false,"warnings":{},"desired":{"platformName":"android","app":"/Users/ashok/virtuoso-automation/target/test-classes/virtuoso.apk","automationName":"UiAutomator2","deviceName":"ignored","fullReset":false,"newCommandTimeout":500,"noReset":true},"platformName":"android","app":"/Users/ashok/virtuoso-automation/target/test-classes/virtuoso.apk","automationName":"UiAutomator2","deviceName":"emulator-5554","fullReset":false,"newCommandTimeout":500,"noReset":true,"deviceUDID":"emulator-5554","appPackage":"com.virtuoso","deviceApiLevel":28,"platformVersion":"9","deviceScreenSize":"1080x1920","deviceScreenDensity":420,"deviceModel":"Android SDK built for x86","deviceManufacturer":"Google","pixelRatio":2.625,"statBarHeight":63,"viewportRect":{"left":0,"top":63,"width":1080,"height":1731}}
&amp#27;[35m[HTTP]&amp#27;[39m &amp#27;[37m<-- GET /wd/hub/session/ba66ce3b-1a96-4765-9c02-64f8649af800 &amp#27;[39m&amp#27;[32m200&amp#27;[39m &amp#27;[90m12 ms - 973&amp#27;[39m
&amp#27;[35m[HTTP]&amp#27;[39m &amp#27;[90m&amp#27;[39m
2019-05-29 11:18:27 INFO  DriverActions:94 - +++++++++++++++++++++++++++++++++++++++++++++++++++++++++++++++++++++++
2019-05-29 11:18:27 INFO  DriverActions:95 - Class namesun.reflect.NativeMethodAccessorImplMethod name : invoke0
2019-05-29 11:18:27 INFO  DriverActions:97 - Logs added successfully successfully
2019-05-29 11:18:27 INFO  DriverActions:98 - +++++++++++++++++++++++++++++++++++++++++++++++++++++++++++++++++++++++
started: verificationApproveRequestTPH (com.virtuoso.suites.testcases.mobile.RequestTPH)
TestDataSequenceNumber :1
&amp#27;[35m[HTTP]&amp#27;[39m &amp#27;[37m-->&amp#27;[39m &amp#27;[37mGET&amp#27;[39m &amp#27;[37m/wd/hub/session/ba66ce3b-1a96-4765-9c02-64f8649af800&amp#27;[39m
&amp#27;[35m[HTTP]&amp#27;[39m &amp#27;[90m{}&amp#27;[39m
[debug] &amp#27;[35m[W3C (ba66ce3b)]&amp#27;[39m Calling AppiumDriver.getSession() with args: ["ba66ce3b-1a96-4765-9c02-64f8649af800"]
[debug] &amp#27;[35m[UiAutomator2]&amp#27;[39m Getting session details from server to mix in
[debug] &amp#27;[35m[WD Proxy]&amp#27;[39m Matched '/' to command name 'getSession'
[debug] &amp#27;[35m[WD Proxy]&amp#27;[39m Proxying [GET /] to [GET http://localhost:8205/wd/hub/session/a8668f86-80ad-442a-adff-128d45ebd73d] with body: {}
[debug] &amp#27;[35m[WD Proxy]&amp#27;[39m Got response with status 200: "{\"sessionId\":\"a8668f86-80ad-442a-adff-128d45ebd73d\",\"status\":0,\"value\":{}}"
[debug] &amp#27;[35m[W3C (ba66ce3b)]&amp#27;[39m Responding to client with driver.getSession() result: {"platform":"LINUX","webStorageEnabled":false,"takesScreenshot":true,"javascriptEnabled":true,"databaseEnabled":false,"networkConnectionEnabled":true,"locationContextEnabled":false,"warnings":{},"desired":{"platformName":"android","app":"/Users/ashok/virtuoso-automation/target/test-classes/virtuoso.apk","automationName":"UiAutomator2","deviceName":"ignored","fullReset":false,"newCommandTimeout":500,"noReset":true},"platformName":"android","app":"/Users/ashok/virtuoso-automation/target/test-classes/virtuoso.apk","automationName":"UiAutomator2","deviceName":"emulator-5554","fullReset":false,"newCommandTimeout":500,"noReset":true,"deviceUDID":"emulator-5554","appPackage":"com.virtuoso","deviceApiLevel":28,"platformVersion":"9","deviceScreenSize":"1080x1920","deviceScreenDensity":420,"deviceModel":"Android SDK built for x86","deviceManufacturer":"Google","pixelRatio":2.625,"statBarHeight":63,"viewportRect":{"left":0,"top":63,"width":1080,"height":1731}}
&amp#27;[35m[HTTP]&amp#27;[39m &amp#27;[37m<-- GET /wd/hub/session/ba66ce3b-1a96-4765-9c02-64f8649af800 &amp#27;[39m&amp#27;[32m200&amp#27;[39m &amp#27;[90m9 ms - 973&amp#27;[39m
&amp#27;[35m[HTTP]&amp#27;[39m &amp#27;[90m&amp#27;[39m
&amp#27;[35m[HTTP]&amp#27;[39m &amp#27;[37m-->&amp#27;[39m &amp#27;[37mGET&amp#27;[39m &amp#27;[37m/wd/hub/session/ba66ce3b-1a96-4765-9c02-64f8649af800&amp#27;[39m
&amp#27;[35m[HTTP]&amp#27;[39m &amp#27;[90m{}&amp#27;[39m
[debug] &amp#27;[35m[W3C (ba66ce3b)]&amp#27;[39m Calling AppiumDriver.getSession() with args: ["ba66ce3b-1a96-4765-9c02-64f8649af800"]
[debug] &amp#27;[35m[UiAutomator2]&amp#27;[39m Getting session details from server to mix in
[debug] &amp#27;[35m[WD Proxy]&amp#27;[39m Matched '/' to command name 'getSession'
[debug] &amp#27;[35m[WD Proxy]&amp#27;[39m Proxying [GET /] to [GET http://localhost:8205/wd/hub/session/a8668f86-80ad-442a-adff-128d45ebd73d] with body: {}
[debug] &amp#27;[35m[WD Proxy]&amp#27;[39m Got response with status 200: "{\"sessionId\":\"a8668f86-80ad-442a-adff-128d45ebd73d\",\"status\":0,\"value\":{}}"
[debug] &amp#27;[35m[W3C (ba66ce3b)]&amp#27;[39m Responding to client with driver.getSession() result: {"platform":"LINUX","webStorageEnabled":false,"takesScreenshot":true,"javascriptEnabled":true,"databaseEnabled":false,"networkConnectionEnabled":true,"locationContextEnabled":false,"warnings":{},"desired":{"platformName":"android","app":"/Users/ashok/virtuoso-automation/target/test-classes/virtuoso.apk","automationName":"UiAutomator2","deviceName":"ignored","fullReset":false,"newCommandTimeout":500,"noReset":true},"platformName":"android","app":"/Users/ashok/virtuoso-automation/target/test-classes/virtuoso.apk","automationName":"UiAutomator2","deviceName":"emulator-5554","fullReset":false,"newCommandTimeout":500,"noReset":true,"deviceUDID":"emulator-5554","appPackage":"com.virtuoso","deviceApiLevel":28,"platformVersion":"9","deviceScreenSize":"1080x1920","deviceScreenDensity":420,"deviceModel":"Android SDK built for x86","deviceManufacturer":"Google","pixelRatio":2.625,"statBarHeight":63,"viewportRect":{"left":0,"top":63,"width":1080,"height":1731}}
&amp#27;[35m[HTTP]&amp#27;[39m &amp#27;[37m<-- GET /wd/hub/session/ba66ce3b-1a96-4765-9c02-64f8649af800 &amp#27;[39m&amp#27;[32m200&amp#27;[39m &amp#27;[90m10 ms - 973&amp#27;[39m
&amp#27;[35m[HTTP]&amp#27;[39m &amp#27;[90m&amp#27;[39m
2019-05-29 11:18:29 INFO  BasePage:618 - +++++++++++++++++++++++++++++++++++++++++++++++++++++++++++++++++++++++
2019-05-29 11:18:29 INFO  BasePage:619 - Class name : sun.reflect.NativeMethodAccessorImplMethod name : invoke0
&amp#27;[35m[HTTP]&amp#27;[39m &amp#27;[37m-->&amp#27;[39m &amp#27;[37mPOST&amp#27;[39m &amp#27;[37m/wd/hub/session/ba66ce3b-1a96-4765-9c02-64f8649af800/appium/app/reset&amp#27;[39m
&amp#27;[35m[HTTP]&amp#27;[39m &amp#27;[90m{}&amp#27;[39m
[debug] &amp#27;[35m[W3C (ba66ce3b)]&amp#27;[39m Calling AppiumDriver.reset() with args: ["ba66ce3b-1a96-4765-9c02-64f8649af800"]
[debug] &amp#27;[35m[ADB]&amp#27;[39m Getting install status for com.virtuoso
[debug] &amp#27;[35m[ADB]&amp#27;[39m Running '/Users/ashok/Library/Android/sdk/platform-tools/adb -P 5037 -s emulator-5554 shell dumpsys package com.virtuoso'
[debug] &amp#27;[35m[ADB]&amp#27;[39m 'com.virtuoso' is installed
[debug] &amp#27;[35m[ADB]&amp#27;[39m Running '/Users/ashok/Library/Android/sdk/platform-tools/adb -P 5037 -s emulator-5554 shell am force-stop com.virtuoso'
[debug] &amp#27;[35m[ADB]&amp#27;[39m Running '/Users/ashok/Library/Android/sdk/platform-tools/adb -P 5037 -s emulator-5554 shell pm clear com.virtuoso'
[debug] &amp#27;[35m[AndroidDriver]&amp#27;[39m Performed fast reset on the installed 'com.virtuoso' application (stop and clear)
[debug] &amp#27;[35m[ADB]&amp#27;[39m Running '/Users/ashok/Library/Android/sdk/platform-tools/adb -P 5037 -s emulator-5554 shell am start -W -n com.virtuoso/com.virtuoso.MainActivity -S -a android.intent.action.MAIN -c android.intent.category.LAUNCHER -f 0x10200000'
[debug] &amp#27;[35m[ADB]&amp#27;[39m Waiting up to 20000ms for activity matching pkg: 'com.virtuoso' and activity: 'com.virtuoso.MainActivity' to be focused
[debug] &amp#27;[35m[ADB]&amp#27;[39m Possible activities, to be checked: 'com.virtuoso.MainActivity', 'com.virtuoso.com.virtuoso.MainActivity'
[debug] &amp#27;[35m[ADB]&amp#27;[39m Getting focused package and activity
[debug] &amp#27;[35m[ADB]&amp#27;[39m Running '/Users/ashok/Library/Android/sdk/platform-tools/adb -P 5037 -s emulator-5554 shell dumpsys window windows'
[debug] &amp#27;[35m[ADB]&amp#27;[39m Found package: 'com.virtuoso' and fully qualified activity name : 'com.virtuoso.MainActivity'
[debug] &amp#27;[35m[W3C (ba66ce3b)]&amp#27;[39m Responding to client with driver.reset() result: null
&amp#27;[35m[HTTP]&amp#27;[39m &amp#27;[37m<-- POST /wd/hub/session/ba66ce3b-1a96-4765-9c02-64f8649af800/appium/app/reset &amp#27;[39m&amp#27;[32m200&amp#27;[39m &amp#27;[90m2189 ms - 14&amp#27;[39m
&amp#27;[35m[HTTP]&amp#27;[39m &amp#27;[90m&amp#27;[39m
&amp#27;[35m[HTTP]&amp#27;[39m &amp#27;[37m-->&amp#27;[39m &amp#27;[37mGET&amp#27;[39m &amp#27;[37m/wd/hub/session/ba66ce3b-1a96-4765-9c02-64f8649af800/screenshot&amp#27;[39m
&amp#27;[35m[HTTP]&amp#27;[39m &amp#27;[90m{}&amp#27;[39m
[debug] &amp#27;[35m[W3C (ba66ce3b)]&amp#27;[39m Calling AppiumDriver.getScreenshot() with args: ["ba66ce3b-1a96-4765-9c02-64f8649af800"]
[debug] &amp#27;[35m[WD Proxy]&amp#27;[39m Matched '/screenshot' to command name 'getScreenshot'
[debug] &amp#27;[35m[WD Proxy]&amp#27;[39m Proxying [GET /screenshot] to [GET http://localhost:8205/wd/hub/session/a8668f86-80ad-442a-adff-128d45ebd73d/screenshot] with no body
[debug] &amp#27;[35m[WD Proxy]&amp#27;[39m Got response with status 200: "{\"sessionId\":\"a8668f86-80ad-442a-adff-128d45ebd73d\",\"status\":0,\"value\":\"iVBORw0KGgoAAAANSUhEUgAABDgAAAeACAYAAAArYecKAAAABHNCSVQICAgIfAhkiAAAH4tJREFU\\neJzswQEBAAAAgJD+r+4ICgAAAAAAAAAAAAAAAAAAAAAAAAAAAAAAAAAAAAAAAAAAAAAAAAAAAAAA\\nAAAAAAAAAAAAAAAAAAAAAAAAAAAAAAAAAAAAAAAAAAAAAAAAAAAAAAAAAAAAAAAAAAAAAAAAAAAA\\nAAAAAAAAAAAAAAAAAAAAAAAAAAAAAAAAAAAAAAAAAAAAAAAAAAAAAAAAAAAAAAAAAAAAAAAAAAAA\\nAAAAAAAAAAAAAAAAAAAAAAAAAAAAAAAAAAAAAAAAAAAAAAAAAAAAAAAAAAAAAAAAAAAAAAAAAAAA\\nAAAAAAAAAAAAAAAAAAAAAAAAAAAAAAAAAAAAAAAAAAAAAAAAAAAAAAAAAAAAAAAAAAAAAAAAAAAA\\nAAAAAAAAAAAAAAAAAAAAAAAAAAAAAAAAAAAAAAAAAAAAAAAAAAAAAAAAAAAAAAAAAAAAAAAAAAAA\\nAAAAAAAAAAAAAAAAAAAAAAAAAAAAAAAAAAAAAAAAAAAAAAAAAAAAAAAAAAAAAAAAAAAAAAAAAAAA\\nAAAAAAAAAAAAAAAAAAAAAAAAAAAAAAAAAAAAAAAAAAAAAAAAAAAAAAAAAAAAAAAAAAAAAAAAAAAA\\nAAAAAAAAAAAAAAAAAAAAAAAAAAAAAAAAAAAAAAAAAAAAAAAAAAAAAAAAAAAAAAAAAAAAAAAAAAAA\\nAAAAAAAAAAAAAAAAAAAAAAAAAAAAAAAAAAAAAAAAAAAAAAAAAAAAAAAAAAAAAAAAAAAAAAAAAAAA\\nAAAAAAAAAAAAAAAAAAAAAAAAAAAAAAAAAAAAAAAAAAAAAAAAAAAAAAAAAAAAAAAAAAAAAA...
[debug] &amp#27;[35m[W3C (ba66ce3b)]&amp#27;[39m Responding to client with driver.getScreenshot() result: "iVBORw0KGgoAAAANSUhEUgAABDgAAAeACAYAAAArYecKAAAABHNCSVQICAgIfAhkiAAAH4tJREFU\neJzswQEBAAAAgJD+r+4ICgAAAAAAAAAAAAAAAAAAAAAAAAAAAAAAAAAAAAAAAAAAAAAAAAAAAAAA\nAAAAAAAAAAAAAAAAAAAAAAAAAAAAAAAAAAAAAAAAAAAAAAAAAAAAAAAAAAAAAAAAAAAAAAAAAAAA\nAAAAAAAAAAAAAAAAAAAAAAAAAAAAAAAAAAAAAAAAAAAAAAAAAAAAAAAAAAAAAAAAAAAAAAAAAAAA\nAAAAAAAAAAAAAAAAAAAAAAAAAAAAAAAAAAAAAAAAAAAAAAAAAAAAAAAAAAAAAAAAAAAAAAAAAAAA\nAAAAAAAAAAAAAAAAAAAAAAAAAAAAAAAAAAAAAAAAAAAAAAAAAAAAAAAAAAAAAAAAAAAAAAAAAAAA\nAAAAAAAAAAAAAAAAAAAAAAAAAAAAAAAAAAAAAAAAAAAAAAAAAAAAAAAAAAAAAAAAAAAAAAAAAAAA\nAAAAAAAAAAAAAAAAAAAAAAAAAAAAAAAAAAAAAAAAAAAAAAAAAAAAAAAAAAAAAAAAAAAAAAAAAAAA\nAAAAAAAAAAAAAAAAAAAAAAAAAAAAAAAAAAAAAAAAAAAAAAAAAAAAAAAAAAAAAAAAAAAAAAAAAAAA\nAAAAAAAAAAAAAAAAAAAAAAAAAAAAAAAAAAAAAAAAAAAAAAAAAAAAAAAAAAAAAAAAAAAAAAAAAAAA\nAAAAAAAAAAAAAAAAAAAAAAAAAAAAAAAAAAAAAAAAAAAAAAAAAAAAAAAAAAAAAAAAAAAAAAAAAAAA\nAAAAAAAAAAAAAAAAAAAAAAAAAAAAAAAAAAAAAAAAAAAAAAAAAAAAAAAAAAAAAAAAAAAAAAAAAAAA\nAAAAAAAAAAAAAAAAAAAAAAAAAAAAAAAAAAAAAAAAAAAAAAAAAAAAAAAAAAAAAAAAAAAAAAAAAAAA\nAAAAAA...
&amp#27;[35m[HTTP]&amp#27;[39m &amp#27;[37m<-- GET /wd/hub/session/ba66ce3b-1a96-4765-9c02-64f8649af800/screenshot &amp#27;[39m&amp#27;[32m200&amp#27;[39m &amp#27;[90m1282 ms - 11162&amp#27;[39m
&amp#27;[35m[HTTP]&amp#27;[39m &amp#27;[90m&amp#27;[39m
Took screenshot - /Users/ashok/virtuoso-automation/screenshot2934647874133750758.png
2019-05-29 11:18:32 INFO  BasePage:629 - +++++++++++++++++++++++++++++++++++++++++++++++++++++++++++++++++++++++
&amp#27;[35m[HTTP]&amp#27;[39m &amp#27;[37m-->&amp#27;[39m &amp#27;[37mGET&amp#27;[39m &amp#27;[37m/wd/hub/session/ba66ce3b-1a96-4765-9c02-64f8649af800&amp#27;[39m
&amp#27;[35m[HTTP]&amp#27;[39m &amp#27;[90m{}&amp#27;[39m
[debug] &amp#27;[35m[W3C (ba66ce3b)]&amp#27;[39m Calling AppiumDriver.getSession() with args: ["ba66ce3b-1a96-4765-9c02-64f8649af800"]
[debug] &amp#27;[35m[UiAutomator2]&amp#27;[39m Getting session details from server to mix in
[debug] &amp#27;[35m[WD Proxy]&amp#27;[39m Matched '/' to command name 'getSession'
[debug] &amp#27;[35m[WD Proxy]&amp#27;[39m Proxying [GET /] to [GET http://localhost:8205/wd/hub/session/a8668f86-80ad-442a-adff-128d45ebd73d] with body: {}
[debug] &amp#27;[35m[WD Proxy]&amp#27;[39m Got response with status 200: "{\"sessionId\":\"a8668f86-80ad-442a-adff-128d45ebd73d\",\"status\":0,\"value\":{}}"
[debug] &amp#27;[35m[W3C (ba66ce3b)]&amp#27;[39m Responding to client with driver.getSession() result: {"platform":"LINUX","webStorageEnabled":false,"takesScreenshot":true,"javascriptEnabled":true,"databaseEnabled":false,"networkConnectionEnabled":true,"locationContextEnabled":false,"warnings":{},"desired":{"platformName":"android","app":"/Users/ashok/virtuoso-automation/target/test-classes/virtuoso.apk","automationName":"UiAutomator2","deviceName":"ignored","fullReset":false,"newCommandTimeout":500,"noReset":true},"platformName":"android","app":"/Users/ashok/virtuoso-automation/target/test-classes/virtuoso.apk","automationName":"UiAutomator2","deviceName":"emulator-5554","fullReset":false,"newCommandTimeout":500,"noReset":true,"deviceUDID":"emulator-5554","appPackage":"com.virtuoso","deviceApiLevel":28,"platformVersion":"9","deviceScreenSize":"1080x1920","deviceScreenDensity":420,"deviceModel":"Android SDK built for x86","deviceManufacturer":"Google","pixelRatio":2.625,"statBarHeight":63,"viewportRect":{"left":0,"top":63,"width":1080,"height":1731}}
&amp#27;[35m[HTTP]&amp#27;[39m &amp#27;[37m<-- GET /wd/hub/session/ba66ce3b-1a96-4765-9c02-64f8649af800 &amp#27;[39m&amp#27;[32m200&amp#27;[39m &amp#27;[90m12 ms - 973&amp#27;[39m
&amp#27;[35m[HTTP]&amp#27;[39m &amp#27;[90m&amp#27;[39m
&amp#27;[35m[HTTP]&amp#27;[39m &amp#27;[37m-->&amp#27;[39m &amp#27;[37mPOST&amp#27;[39m &amp#27;[37m/wd/hub/session/ba66ce3b-1a96-4765-9c02-64f8649af800/elements&amp#27;[39m
&amp#27;[35m[HTTP]&amp#27;[39m &amp#27;[90m{"using":"accessibility id","value":"loginButton"}&amp#27;[39m
[debug] &amp#27;[35m[W3C (ba66ce3b)]&amp#27;[39m Calling AppiumDriver.findElements() with args: ["accessibility id","loginButton","ba66ce3b-1a96-4765-9c02-64f8649af800"]
[debug] &amp#27;[35m[BaseDriver]&amp#27;[39m Valid locator strategies for this request: xpath, id, class name, accessibility id, -android uiautomator
[debug] &amp#27;[35m[BaseDriver]&amp#27;[39m Waiting up to 0 ms for condition
[debug] &amp#27;[35m[WD Proxy]&amp#27;[39m Matched '/elements' to command name 'findElements'
[debug] &amp#27;[35m[WD Proxy]&amp#27;[39m Proxying [POST /elements] to [POST http://localhost:8205/wd/hub/session/a8668f86-80ad-442a-adff-128d45ebd73d/elements] with body: {"strategy":"accessibility id","selector":"loginButton","context":"","multiple":true}
[debug] &amp#27;[35m[WD Proxy]&amp#27;[39m Got response with status 200: {"sessionId":"a8668f86-80ad-442a-adff-128d45ebd73d","status":0,"value":[]}
[debug] &amp#27;[35m[W3C (ba66ce3b)]&amp#27;[39m Responding to client with driver.findElements() result: []
&amp#27;[35m[HTTP]&amp#27;[39m &amp#27;[37m<-- POST /wd/hub/session/ba66ce3b-1a96-4765-9c02-64f8649af800/elements &amp#27;[39m&amp#27;[32m200&amp#27;[39m &amp#27;[90m102 ms - 12&amp#27;[39m
&amp#27;[35m[HTTP]&amp#27;[39m &amp#27;[90m&amp#27;[39m
&amp#27;[35m[HTTP]&amp#27;[39m &amp#27;[37m-->&amp#27;[39m &amp#27;[37mGET&amp#27;[39m &amp#27;[37m/wd/hub/session/ba66ce3b-1a96-4765-9c02-64f8649af800&amp#27;[39m
&amp#27;[35m[HTTP]&amp#27;[39m &amp#27;[90m{}&amp#27;[39m
[debug] &amp#27;[35m[W3C (ba66ce3b)]&amp#27;[39m Calling AppiumDriver.getSession() with args: ["ba66ce3b-1a96-4765-9c02-64f8649af800"]
[debug] &amp#27;[35m[UiAutomator2]&amp#27;[39m Getting session details from server to mix in
[debug] &amp#27;[35m[WD Proxy]&amp#27;[39m Matched '/' to command name 'getSession'
[debug] &amp#27;[35m[WD Proxy]&amp#27;[39m Proxying [GET /] to [GET http://localhost:8205/wd/hub/session/a8668f86-80ad-442a-adff-128d45ebd73d] with body: {}
[debug] &amp#27;[35m[WD Proxy]&amp#27;[39m Got response with status 200: "{\"sessionId\":\"a8668f86-80ad-442a-adff-128d45ebd73d\",\"status\":0,\"value\":{}}"
[debug] &amp#27;[35m[W3C (ba66ce3b)]&amp#27;[39m Responding to client with driver.getSession() result: {"platform":"LINUX","webStorageEnabled":false,"takesScreenshot":true,"javascriptEnabled":true,"databaseEnabled":false,"networkConnectionEnabled":true,"locationContextEnabled":false,"warnings":{},"desired":{"platformName":"android","app":"/Users/ashok/virtuoso-automation/target/test-classes/virtuoso.apk","automationName":"UiAutomator2","deviceName":"ignored","fullReset":false,"newCommandTimeout":500,"noReset":true},"platformName":"android","app":"/Users/ashok/virtuoso-automation/target/test-classes/virtuoso.apk","automationName":"UiAutomator2","deviceName":"emulator-5554","fullReset":false,"newCommandTimeout":500,"noReset":true,"deviceUDID":"emulator-5554","appPackage":"com.virtuoso","deviceApiLevel":28,"platformVersion":"9","deviceScreenSize":"1080x1920","deviceScreenDensity":420,"deviceModel":"Android SDK built for x86","deviceManufacturer":"Google","pixelRatio":2.625,"statBarHeight":63,"viewportRect":{"left":0,"top":63,"width":1080,"height":1731}}
&amp#27;[35m[HTTP]&amp#27;[39m &amp#27;[37m<-- GET /wd/hub/session/ba66ce3b-1a96-4765-9c02-64f8649af800 &amp#27;[39m&amp#27;[32m200&amp#27;[39m &amp#27;[90m10 ms - 973&amp#27;[39m
&amp#27;[35m[HTTP]&amp#27;[39m &amp#27;[90m&amp#27;[39m
&amp#27;[35m[HTTP]&amp#27;[39m &amp#27;[37m-->&amp#27;[39m &amp#27;[37mPOST&amp#27;[39m &amp#27;[37m/wd/hub/session/ba66ce3b-1a96-4765-9c02-64f8649af800/elements&amp#27;[39m
&amp#27;[35m[HTTP]&amp#27;[39m &amp#27;[90m{"using":"accessibility id","value":"loginButton"}&amp#27;[39m
[debug] &amp#27;[35m[W3C (ba66ce3b)]&amp#27;[39m Calling AppiumDriver.findElements() with args: ["accessibility id","loginButton","ba66ce3b-1a96-4765-9c02-64f8649af800"]
[debug] &amp#27;[35m[BaseDriver]&amp#27;[39m Valid locator strategies for this request: xpath, id, class name, accessibility id, -android uiautomator
[debug] &amp#27;[35m[BaseDriver]&amp#27;[39m Waiting up to 0 ms for condition
[debug] &amp#27;[35m[WD Proxy]&amp#27;[39m Matched '/elements' to command name 'findElements'
[debug] &amp#27;[35m[WD Proxy]&amp#27;[39m Proxying [POST /elements] to [POST http://localhost:8205/wd/hub/session/a8668f86-80ad-442a-adff-128d45ebd73d/elements] with body: {"strategy":"accessibility id","selector":"loginButton","context":"","multiple":true}
[debug] &amp#27;[35m[WD Proxy]&amp#27;[39m Got response with status 200: {"sessionId":"a8668f86-80ad-442a-adff-128d45ebd73d","status":0,"value":[]}
[debug] &amp#27;[35m[W3C (ba66ce3b)]&amp#27;[39m Responding to client with driver.findElements() result: []
&amp#27;[35m[HTTP]&amp#27;[39m &amp#27;[37m<-- POST /wd/hub/session/ba66ce3b-1a96-4765-9c02-64f8649af800/elements &amp#27;[39m&amp#27;[32m200&amp#27;[39m &amp#27;[90m18 ms - 12&amp#27;[39m
&amp#27;[35m[HTTP]&amp#27;[39m &amp#27;[90m&amp#27;[39m
&amp#27;[35m[HTTP]&amp#27;[39m &amp#27;[37m-->&amp#27;[39m &amp#27;[37mGET&amp#27;[39m &amp#27;[37m/wd/hub/session/ba66ce3b-1a96-4765-9c02-64f8649af800&amp#27;[39m
&amp#27;[35m[HTTP]&amp#27;[39m &amp#27;[90m{}&amp#27;[39m
[debug] &amp#27;[35m[W3C (ba66ce3b)]&amp#27;[39m Calling AppiumDriver.getSession() with args: ["ba66ce3b-1a96-4765-9c02-64f8649af800"]
[debug] &amp#27;[35m[UiAutomator2]&amp#27;[39m Getting session details from server to mix in
[debug] &amp#27;[35m[WD Proxy]&amp#27;[39m Matched '/' to command name 'getSession'
[debug] &amp#27;[35m[WD Proxy]&amp#27;[39m Proxying [GET /] to [GET http://localhost:8205/wd/hub/session/a8668f86-80ad-442a-adff-128d45ebd73d] with body: {}
[debug] &amp#27;[35m[WD Proxy]&amp#27;[39m Got response with status 200: "{\"sessionId\":\"a8668f86-80ad-442a-adff-128d45ebd73d\",\"status\":0,\"value\":{}}"
[debug] &amp#27;[35m[W3C (ba66ce3b)]&amp#27;[39m Responding to client with driver.getSession() result: {"platform":"LINUX","webStorageEnabled":false,"takesScreenshot":true,"javascriptEnabled":true,"databaseEnabled":false,"networkConnectionEnabled":true,"locationContextEnabled":false,"warnings":{},"desired":{"platformName":"android","app":"/Users/ashok/virtuoso-automation/target/test-classes/virtuoso.apk","automationName":"UiAutomator2","deviceName":"ignored","fullReset":false,"newCommandTimeout":500,"noReset":true},"platformName":"android","app":"/Users/ashok/virtuoso-automation/target/test-classes/virtuoso.apk","automationName":"UiAutomator2","deviceName":"emulator-5554","fullReset":false,"newCommandTimeout":500,"noReset":true,"deviceUDID":"emulator-5554","appPackage":"com.virtuoso","deviceApiLevel":28,"platformVersion":"9","deviceScreenSize":"1080x1920","deviceScreenDensity":420,"deviceModel":"Android SDK built for x86","deviceManufacturer":"Google","pixelRatio":2.625,"statBarHeight":63,"viewportRect":{"left":0,"top":63,"width":1080,"height":1731}}
&amp#27;[35m[HTTP]&amp#27;[39m &amp#27;[37m<-- GET /wd/hub/session/ba66ce3b-1a96-4765-9c02-64f8649af800 &amp#27;[39m&amp#27;[32m200&amp#27;[39m &amp#27;[90m10 ms - 973&amp#27;[39m
&amp#27;[35m[HTTP]&amp#27;[39m &amp#27;[90m&amp#27;[39m
&amp#27;[35m[HTTP]&amp#27;[39m &amp#27;[37m-->&amp#27;[39m &amp#27;[37mPOST&amp#27;[39m &amp#27;[37m/wd/hub/session/ba66ce3b-1a96-4765-9c02-64f8649af800/elements&amp#27;[39m
&amp#27;[35m[HTTP]&amp#27;[39m &amp#27;[90m{"using":"accessibility id","value":"loginButton"}&amp#27;[39m
[debug] &amp#27;[35m[W3C (ba66ce3b)]&amp#27;[39m Calling AppiumDriver.findElements() with args: ["accessibility id","loginButton","ba66ce3b-1a96-4765-9c02-64f8649af800"]
[debug] &amp#27;[35m[BaseDriver]&amp#27;[39m Valid locator strategies for this request: xpath, id, class name, accessibility id, -android uiautomator
[debug] &amp#27;[35m[BaseDriver]&amp#27;[39m Waiting up to 0 ms for condition
[debug] &amp#27;[35m[WD Proxy]&amp#27;[39m Matched '/elements' to command name 'findElements'
[debug] &amp#27;[35m[WD Proxy]&amp#27;[39m Proxying [POST /elements] to [POST http://localhost:8205/wd/hub/session/a8668f86-80ad-442a-adff-128d45ebd73d/elements] with body: {"strategy":"accessibility id","selector":"loginButton","context":"","multiple":true}
[debug] &amp#27;[35m[WD Proxy]&amp#27;[39m Got response with status 200: {"sessionId":"a8668f86-80ad-442a-adff-128d45ebd73d","status":0,"value":[]}
[debug] &amp#27;[35m[W3C (ba66ce3b)]&amp#27;[39m Responding to client with driver.findElements() result: []
&amp#27;[35m[HTTP]&amp#27;[39m &amp#27;[37m<-- POST /wd/hub/session/ba66ce3b-1a96-4765-9c02-64f8649af800/elements &amp#27;[39m&amp#27;[32m200&amp#27;[39m &amp#27;[90m15 ms - 12&amp#27;[39m
&amp#27;[35m[HTTP]&amp#27;[39m &amp#27;[90m&amp#27;[39m
failed
finished
]]></system-out>
    <system-err><![CDATA[SLF4J: Failed to load class "org.slf4j.impl.StaticLoggerBinder".
SLF4J: Defaulting to no-operation (NOP) logger implementation
SLF4J: See http://www.slf4j.org/codes.html#StaticLoggerBinder for further details.
May 29, 2019 11:18:26 AM io.appium.java_client.remote.AppiumCommandExecutor$1 lambda$0
INFO: Detected dialect: W3C
]]></system-err>
  </testcase>
  <testcase name="verificationRejectRequestTPH" classname="com.virtuoso.suites.testcases.mobile.RequestTPH" time="3.045">
    <error message="Index: 0, Size: 0" type="java.lang.IndexOutOfBoundsException">java.lang.IndexOutOfBoundsException: Index: 0, Size: 0
</error>
    <system-out><![CDATA[started: verificationRejectRequestTPH (com.virtuoso.suites.testcases.mobile.RequestTPH)
TestDataSequenceNumber :1
&amp#27;[35m[HTTP]&amp#27;[39m &amp#27;[37m-->&amp#27;[39m &amp#27;[37mGET&amp#27;[39m &amp#27;[37m/wd/hub/session/ba66ce3b-1a96-4765-9c02-64f8649af800&amp#27;[39m
&amp#27;[35m[HTTP]&amp#27;[39m &amp#27;[90m{}&amp#27;[39m
[debug] &amp#27;[35m[W3C (ba66ce3b)]&amp#27;[39m Calling AppiumDriver.getSession() with args: ["ba66ce3b-1a96-4765-9c02-64f8649af800"]
[debug] &amp#27;[35m[UiAutomator2]&amp#27;[39m Getting session details from server to mix in
[debug] &amp#27;[35m[WD Proxy]&amp#27;[39m Matched '/' to command name 'getSession'
[debug] &amp#27;[35m[WD Proxy]&amp#27;[39m Proxying [GET /] to [GET http://localhost:8205/wd/hub/session/a8668f86-80ad-442a-adff-128d45ebd73d] with body: {}
[debug] &amp#27;[35m[WD Proxy]&amp#27;[39m Got response with status 200: "{\"sessionId\":\"a8668f86-80ad-442a-adff-128d45ebd73d\",\"status\":0,\"value\":{}}"
[debug] &amp#27;[35m[W3C (ba66ce3b)]&amp#27;[39m Responding to client with driver.getSession() result: {"platform":"LINUX","webStorageEnabled":false,"takesScreenshot":true,"javascriptEnabled":true,"databaseEnabled":false,"networkConnectionEnabled":true,"locationContextEnabled":false,"warnings":{},"desired":{"platformName":"android","app":"/Users/ashok/virtuoso-automation/target/test-classes/virtuoso.apk","automationName":"UiAutomator2","deviceName":"ignored","fullReset":false,"newCommandTimeout":500,"noReset":true},"platformName":"android","app":"/Users/ashok/virtuoso-automation/target/test-classes/virtuoso.apk","automationName":"UiAutomator2","deviceName":"emulator-5554","fullReset":false,"newCommandTimeout":500,"noReset":true,"deviceUDID":"emulator-5554","appPackage":"com.virtuoso","deviceApiLevel":28,"platformVersion":"9","deviceScreenSize":"1080x1920","deviceScreenDensity":420,"deviceModel":"Android SDK built for x86","deviceManufacturer":"Google","pixelRatio":2.625,"statBarHeight":63,"viewportRect":{"left":0,"top":63,"width":1080,"height":1731}}
&amp#27;[35m[HTTP]&amp#27;[39m &amp#27;[37m<-- GET /wd/hub/session/ba66ce3b-1a96-4765-9c02-64f8649af800 &amp#27;[39m&amp#27;[32m200&amp#27;[39m &amp#27;[90m12 ms - 973&amp#27;[39m
&amp#27;[35m[HTTP]&amp#27;[39m &amp#27;[90m&amp#27;[39m
&amp#27;[35m[HTTP]&amp#27;[39m &amp#27;[37m-->&amp#27;[39m &amp#27;[37mGET&amp#27;[39m &amp#27;[37m/wd/hub/session/ba66ce3b-1a96-4765-9c02-64f8649af800&amp#27;[39m
&amp#27;[35m[HTTP]&amp#27;[39m &amp#27;[90m{}&amp#27;[39m
[debug] &amp#27;[35m[W3C (ba66ce3b)]&amp#27;[39m Calling AppiumDriver.getSession() with args: ["ba66ce3b-1a96-4765-9c02-64f8649af800"]
[debug] &amp#27;[35m[UiAutomator2]&amp#27;[39m Getting session details from server to mix in
[debug] &amp#27;[35m[WD Proxy]&amp#27;[39m Matched '/' to command name 'getSession'
[debug] &amp#27;[35m[WD Proxy]&amp#27;[39m Proxying [GET /] to [GET http://localhost:8205/wd/hub/session/a8668f86-80ad-442a-adff-128d45ebd73d] with body: {}
[debug] &amp#27;[35m[WD Proxy]&amp#27;[39m Got response with status 200: "{\"sessionId\":\"a8668f86-80ad-442a-adff-128d45ebd73d\",\"status\":0,\"value\":{}}"
[debug] &amp#27;[35m[W3C (ba66ce3b)]&amp#27;[39m Responding to client with driver.getSession() result: {"platform":"LINUX","webStorageEnabled":false,"takesScreenshot":true,"javascriptEnabled":true,"databaseEnabled":false,"networkConnectionEnabled":true,"locationContextEnabled":false,"warnings":{},"desired":{"platformName":"android","app":"/Users/ashok/virtuoso-automation/target/test-classes/virtuoso.apk","automationName":"UiAutomator2","deviceName":"ignored","fullReset":false,"newCommandTimeout":500,"noReset":true},"platformName":"android","app":"/Users/ashok/virtuoso-automation/target/test-classes/virtuoso.apk","automationName":"UiAutomator2","deviceName":"emulator-5554","fullReset":false,"newCommandTimeout":500,"noReset":true,"deviceUDID":"emulator-5554","appPackage":"com.virtuoso","deviceApiLevel":28,"platformVersion":"9","deviceScreenSize":"1080x1920","deviceScreenDensity":420,"deviceModel":"Android SDK built for x86","deviceManufacturer":"Google","pixelRatio":2.625,"statBarHeight":63,"viewportRect":{"left":0,"top":63,"width":1080,"height":1731}}
&amp#27;[35m[HTTP]&amp#27;[39m &amp#27;[37m<-- GET /wd/hub/session/ba66ce3b-1a96-4765-9c02-64f8649af800 &amp#27;[39m&amp#27;[32m200&amp#27;[39m &amp#27;[90m12 ms - 973&amp#27;[39m
&amp#27;[35m[HTTP]&amp#27;[39m &amp#27;[90m&amp#27;[39m
2019-05-29 11:18:34 INFO  BasePage:618 - +++++++++++++++++++++++++++++++++++++++++++++++++++++++++++++++++++++++
2019-05-29 11:18:34 INFO  BasePage:619 - Class name : sun.reflect.NativeMethodAccessorImplMethod name : invoke0
&amp#27;[35m[HTTP]&amp#27;[39m &amp#27;[37m-->&amp#27;[39m &amp#27;[37mPOST&amp#27;[39m &amp#27;[37m/wd/hub/session/ba66ce3b-1a96-4765-9c02-64f8649af800/appium/app/reset&amp#27;[39m
&amp#27;[35m[HTTP]&amp#27;[39m &amp#27;[90m{}&amp#27;[39m
[debug] &amp#27;[35m[W3C (ba66ce3b)]&amp#27;[39m Calling AppiumDriver.reset() with args: ["ba66ce3b-1a96-4765-9c02-64f8649af800"]
[debug] &amp#27;[35m[ADB]&amp#27;[39m Getting install status for com.virtuoso
[debug] &amp#27;[35m[ADB]&amp#27;[39m Running '/Users/ashok/Library/Android/sdk/platform-tools/adb -P 5037 -s emulator-5554 shell dumpsys package com.virtuoso'
[debug] &amp#27;[35m[ADB]&amp#27;[39m 'com.virtuoso' is installed
[debug] &amp#27;[35m[ADB]&amp#27;[39m Running '/Users/ashok/Library/Android/sdk/platform-tools/adb -P 5037 -s emulator-5554 shell am force-stop com.virtuoso'
[debug] &amp#27;[35m[ADB]&amp#27;[39m Running '/Users/ashok/Library/Android/sdk/platform-tools/adb -P 5037 -s emulator-5554 shell pm clear com.virtuoso'
[debug] &amp#27;[35m[AndroidDriver]&amp#27;[39m Performed fast reset on the installed 'com.virtuoso' application (stop and clear)
[debug] &amp#27;[35m[ADB]&amp#27;[39m Running '/Users/ashok/Library/Android/sdk/platform-tools/adb -P 5037 -s emulator-5554 shell am start -W -n com.virtuoso/com.virtuoso.MainActivity -S -a android.intent.action.MAIN -c android.intent.category.LAUNCHER -f 0x10200000'
[debug] &amp#27;[35m[ADB]&amp#27;[39m Waiting up to 20000ms for activity matching pkg: 'com.virtuoso' and activity: 'com.virtuoso.MainActivity' to be focused
[debug] &amp#27;[35m[ADB]&amp#27;[39m Possible activities, to be checked: 'com.virtuoso.MainActivity', 'com.virtuoso.com.virtuoso.MainActivity'
[debug] &amp#27;[35m[ADB]&amp#27;[39m Getting focused package and activity
[debug] &amp#27;[35m[ADB]&amp#27;[39m Running '/Users/ashok/Library/Android/sdk/platform-tools/adb -P 5037 -s emulator-5554 shell dumpsys window windows'
[debug] &amp#27;[35m[ADB]&amp#27;[39m Found package: 'com.virtuoso' and fully qualified activity name : 'com.virtuoso.MainActivity'
[debug] &amp#27;[35m[W3C (ba66ce3b)]&amp#27;[39m Responding to client with driver.reset() result: null
&amp#27;[35m[HTTP]&amp#27;[39m &amp#27;[37m<-- POST /wd/hub/session/ba66ce3b-1a96-4765-9c02-64f8649af800/appium/app/reset &amp#27;[39m&amp#27;[32m200&amp#27;[39m &amp#27;[90m1324 ms - 14&amp#27;[39m
&amp#27;[35m[HTTP]&amp#27;[39m &amp#27;[90m&amp#27;[39m
&amp#27;[35m[HTTP]&amp#27;[39m &amp#27;[37m-->&amp#27;[39m &amp#27;[37mGET&amp#27;[39m &amp#27;[37m/wd/hub/session/ba66ce3b-1a96-4765-9c02-64f8649af800/screenshot&amp#27;[39m
&amp#27;[35m[HTTP]&amp#27;[39m &amp#27;[90m{}&amp#27;[39m
[debug] &amp#27;[35m[W3C (ba66ce3b)]&amp#27;[39m Calling AppiumDriver.getScreenshot() with args: ["ba66ce3b-1a96-4765-9c02-64f8649af800"]
[debug] &amp#27;[35m[WD Proxy]&amp#27;[39m Matched '/screenshot' to command name 'getScreenshot'
[debug] &amp#27;[35m[WD Proxy]&amp#27;[39m Proxying [GET /screenshot] to [GET http://localhost:8205/wd/hub/session/a8668f86-80ad-442a-adff-128d45ebd73d/screenshot] with no body
[debug] &amp#27;[35m[WD Proxy]&amp#27;[39m Got response with status 200: "{\"sessionId\":\"a8668f86-80ad-442a-adff-128d45ebd73d\",\"status\":0,\"value\":\"iVBORw0KGgoAAAANSUhEUgAABDgAAAeACAYAAAArYecKAAAABHNCSVQICAgIfAhkiAAAIABJREFU\\neJzs3WeQXXd9+P\\/P2aot6tXqfWUVy5ZlG2xZtiww2AFiQvEMDASH5EFCximDA4TJQJghzOT3gIRJ\\nMskMGFMyGBJjMC7BFrZjyYCLsCVZsrTqvaza7mqbttz\\/A\\/33xqtedu\\/u1369Hkn37j3nXJXdc973\\ne77f7IEHHsgFAAAAQKKyLIui\\/j4IAAAAgCslcAAAAADJEzgAAACA5AkcAAAAQPIEDgAAACB5AgcA\\nAACQPIEDAAAASJ7AAQAAACRP4AAAAACSJ3AAAAAAyRM4AAAAgOSV9PcBAO9cRUVFMWTIkJg3b17M\\nnj07xo0bF5WVlZFlWTQ1NUVdXV1s2rQp3njjjaivr4+urq7+PmQAAGCAyh544IFcfx8E8M6RZVmM\\nHTs2PvKRj8TEiROjqKgosiw772tyuVzkcrnYt29fPProo7Fnz57I5XzrAgAATsmyTOAACmfYsGHx\\npS99KSLiglHjXLrDxhe\\/+EWRAwDg\\/1dUVBTV1dUxePDgKC0tjZKSkmhvb4+TJ09GY2NjNDU1JXXu\\nVFxcHFVVVVFVVRXV1dVRWVkZVVVVUVFREa2trdHc3BwnTpyIo0ePxtGjR5N6bwPFfffdF0OGDDnn\\n8x0dHfGv\\/\\/qvBTyiK5NlmVtUSE91dXXMmzcvJk+efNbnd+3aFRs2bIjGxsYCH1nv644AFRUVsWDB\\ngigqKoq1a9dGU1NTZFmWzDfykpKS+LM\\/+7OYMGHCZYeNbt2vv\\/fee+Phhx\\/ujcMriNLS0qipqYlp\\n06Zd8mu7urpi48aNsXv37jh58mQfHB0AkKIsy6KkpCRGjh...
[debug] &amp#27;[35m[W3C (ba66ce3b)]&amp#27;[39m Responding to client with driver.getScreenshot() result: "iVBORw0KGgoAAAANSUhEUgAABDgAAAeACAYAAAArYecKAAAABHNCSVQICAgIfAhkiAAAIABJREFU\neJzs3WeQXXd9+P/P2aot6tXqfWUVy5ZlG2xZtiww2AFiQvEMDASH5EFCximDA4TJQJghzOT3gIRJ\nMskMGFMyGBJjMC7BFrZjyYCLsCVZsrTqvaza7mqbttz/A/33xqtedu/u1369Hkn37j3nXJXdc973\ne77f7IEHHsgFAAAAQKKyLIui/j4IAAAAgCslcAAAAADJEzgAAACA5AkcAAAAQPIEDgAAACB5AgcA\nAACQPIEDAAAASJ7AAQAAACRP4AAAAACSJ3AAAAAAyRM4AAAAgOSV9PcBAO9cRUVFMWTIkJg3b17M\nnj07xo0bF5WVlZFlWTQ1NUVdXV1s2rQp3njjjaivr4+urq7+PmQAAGCAyh544IFcfx8E8M6RZVmM\nHTs2PvKRj8TEiROjqKgosiw772tyuVzkcrnYt29fPProo7Fnz57I5XzrAgAATsmyTOAACmfYsGHx\npS99KSLiglHjXLrDxhe/+EWRAwDg/1dUVBTV1dUxePDgKC0tjZKSkmhvb4+TJ09GY2NjNDU1JXXu\nVFxcHFVVVVFVVRXV1dVRWVkZVVVVUVFREa2trdHc3BwnTpyIo0ePxtGjR5N6bwPFfffdF0OGDDnn\n8x0dHfGv//qvBTyiK5NlmVtUSE91dXXMmzcvJk+efNbnd+3aFRs2bIjGxsYCH1nv644AFRUVsWDB\ngigqKoq1a9dGU1NTZFmWzDfykpKS+LM/+7OYMGHCZYeNbt2vv/fee+Phhx/ujcMriNLS0qipqYlp\n06Zd8mu7urpi48aNsXv37jh58mQfHB0AkKIsy6KkpCRGjhwZY8aMiQkTJsTYsWOjsrIyysvLo7W1\nNZqammL//v2xb9++qKuriyNHjkRnZ2d/H/oZSkpKYsaMGTFr1qyYNWtWjBs37qLPGzs6OuLQoUNx\n8ODB/H...
&amp#27;[35m[HTTP]&amp#27;[39m &amp#27;[37m<-- GET /wd/hub/session/ba66ce3b-1a96-4765-9c02-64f8649af800/screenshot &amp#27;[39m&amp#27;[32m200&amp#27;[39m &amp#27;[90m345 ms - 32596&amp#27;[39m
&amp#27;[35m[HTTP]&amp#27;[39m &amp#27;[90m&amp#27;[39m
Took screenshot - /Users/ashok/virtuoso-automation/screenshot7677859906717526150.png
2019-05-29 11:18:36 INFO  BasePage:629 - +++++++++++++++++++++++++++++++++++++++++++++++++++++++++++++++++++++++
&amp#27;[35m[HTTP]&amp#27;[39m &amp#27;[37m-->&amp#27;[39m &amp#27;[37mGET&amp#27;[39m &amp#27;[37m/wd/hub/session/ba66ce3b-1a96-4765-9c02-64f8649af800&amp#27;[39m
&amp#27;[35m[HTTP]&amp#27;[39m &amp#27;[90m{}&amp#27;[39m
[debug] &amp#27;[35m[W3C (ba66ce3b)]&amp#27;[39m Calling AppiumDriver.getSession() with args: ["ba66ce3b-1a96-4765-9c02-64f8649af800"]
[debug] &amp#27;[35m[UiAutomator2]&amp#27;[39m Getting session details from server to mix in
[debug] &amp#27;[35m[WD Proxy]&amp#27;[39m Matched '/' to command name 'getSession'
[debug] &amp#27;[35m[WD Proxy]&amp#27;[39m Proxying [GET /] to [GET http://localhost:8205/wd/hub/session/a8668f86-80ad-442a-adff-128d45ebd73d] with body: {}
[debug] &amp#27;[35m[WD Proxy]&amp#27;[39m Got response with status 200: "{\"sessionId\":\"a8668f86-80ad-442a-adff-128d45ebd73d\",\"status\":0,\"value\":{}}"
[debug] &amp#27;[35m[W3C (ba66ce3b)]&amp#27;[39m Responding to client with driver.getSession() result: {"platform":"LINUX","webStorageEnabled":false,"takesScreenshot":true,"javascriptEnabled":true,"databaseEnabled":false,"networkConnectionEnabled":true,"locationContextEnabled":false,"warnings":{},"desired":{"platformName":"android","app":"/Users/ashok/virtuoso-automation/target/test-classes/virtuoso.apk","automationName":"UiAutomator2","deviceName":"ignored","fullReset":false,"newCommandTimeout":500,"noReset":true},"platformName":"android","app":"/Users/ashok/virtuoso-automation/target/test-classes/virtuoso.apk","automationName":"UiAutomator2","deviceName":"emulator-5554","fullReset":false,"newCommandTimeout":500,"noReset":true,"deviceUDID":"emulator-5554","appPackage":"com.virtuoso","deviceApiLevel":28,"platformVersion":"9","deviceScreenSize":"1080x1920","deviceScreenDensity":420,"deviceModel":"Android SDK built for x86","deviceManufacturer":"Google","pixelRatio":2.625,"statBarHeight":63,"viewportRect":{"left":0,"top":63,"width":1080,"height":1731}}
&amp#27;[35m[HTTP]&amp#27;[39m &amp#27;[37m<-- GET /wd/hub/session/ba66ce3b-1a96-4765-9c02-64f8649af800 &amp#27;[39m&amp#27;[32m200&amp#27;[39m &amp#27;[90m14 ms - 973&amp#27;[39m
&amp#27;[35m[HTTP]&amp#27;[39m &amp#27;[90m&amp#27;[39m
&amp#27;[35m[HTTP]&amp#27;[39m &amp#27;[37m-->&amp#27;[39m &amp#27;[37mPOST&amp#27;[39m &amp#27;[37m/wd/hub/session/ba66ce3b-1a96-4765-9c02-64f8649af800/elements&amp#27;[39m
&amp#27;[35m[HTTP]&amp#27;[39m &amp#27;[90m{"using":"accessibility id","value":"loginButton"}&amp#27;[39m
[debug] &amp#27;[35m[W3C (ba66ce3b)]&amp#27;[39m Calling AppiumDriver.findElements() with args: ["accessibility id","loginButton","ba66ce3b-1a96-4765-9c02-64f8649af800"]
[debug] &amp#27;[35m[BaseDriver]&amp#27;[39m Valid locator strategies for this request: xpath, id, class name, accessibility id, -android uiautomator
[debug] &amp#27;[35m[BaseDriver]&amp#27;[39m Waiting up to 0 ms for condition
[debug] &amp#27;[35m[WD Proxy]&amp#27;[39m Matched '/elements' to command name 'findElements'
[debug] &amp#27;[35m[WD Proxy]&amp#27;[39m Proxying [POST /elements] to [POST http://localhost:8205/wd/hub/session/a8668f86-80ad-442a-adff-128d45ebd73d/elements] with body: {"strategy":"accessibility id","selector":"loginButton","context":"","multiple":true}
[debug] &amp#27;[35m[WD Proxy]&amp#27;[39m Got response with status 200: {"sessionId":"a8668f86-80ad-442a-adff-128d45ebd73d","status":0,"value":[]}
[debug] &amp#27;[35m[W3C (ba66ce3b)]&amp#27;[39m Responding to client with driver.findElements() result: []
&amp#27;[35m[HTTP]&amp#27;[39m &amp#27;[37m<-- POST /wd/hub/session/ba66ce3b-1a96-4765-9c02-64f8649af800/elements &amp#27;[39m&amp#27;[32m200&amp#27;[39m &amp#27;[90m26 ms - 12&amp#27;[39m
&amp#27;[35m[HTTP]&amp#27;[39m &amp#27;[90m&amp#27;[39m
&amp#27;[35m[HTTP]&amp#27;[39m &amp#27;[37m-->&amp#27;[39m &amp#27;[37mGET&amp#27;[39m &amp#27;[37m/wd/hub/session/ba66ce3b-1a96-4765-9c02-64f8649af800&amp#27;[39m
&amp#27;[35m[HTTP]&amp#27;[39m &amp#27;[90m{}&amp#27;[39m
[debug] &amp#27;[35m[W3C (ba66ce3b)]&amp#27;[39m Calling AppiumDriver.getSession() with args: ["ba66ce3b-1a96-4765-9c02-64f8649af800"]
[debug] &amp#27;[35m[UiAutomator2]&amp#27;[39m Getting session details from server to mix in
[debug] &amp#27;[35m[WD Proxy]&amp#27;[39m Matched '/' to command name 'getSession'
[debug] &amp#27;[35m[WD Proxy]&amp#27;[39m Proxying [GET /] to [GET http://localhost:8205/wd/hub/session/a8668f86-80ad-442a-adff-128d45ebd73d] with body: {}
[debug] &amp#27;[35m[WD Proxy]&amp#27;[39m Got response with status 200: "{\"sessionId\":\"a8668f86-80ad-442a-adff-128d45ebd73d\",\"status\":0,\"value\":{}}"
[debug] &amp#27;[35m[W3C (ba66ce3b)]&amp#27;[39m Responding to client with driver.getSession() result: {"platform":"LINUX","webStorageEnabled":false,"takesScreenshot":true,"javascriptEnabled":true,"databaseEnabled":false,"networkConnectionEnabled":true,"locationContextEnabled":false,"warnings":{},"desired":{"platformName":"android","app":"/Users/ashok/virtuoso-automation/target/test-classes/virtuoso.apk","automationName":"UiAutomator2","deviceName":"ignored","fullReset":false,"newCommandTimeout":500,"noReset":true},"platformName":"android","app":"/Users/ashok/virtuoso-automation/target/test-classes/virtuoso.apk","automationName":"UiAutomator2","deviceName":"emulator-5554","fullReset":false,"newCommandTimeout":500,"noReset":true,"deviceUDID":"emulator-5554","appPackage":"com.virtuoso","deviceApiLevel":28,"platformVersion":"9","deviceScreenSize":"1080x1920","deviceScreenDensity":420,"deviceModel":"Android SDK built for x86","deviceManufacturer":"Google","pixelRatio":2.625,"statBarHeight":63,"viewportRect":{"left":0,"top":63,"width":1080,"height":1731}}
&amp#27;[35m[HTTP]&amp#27;[39m &amp#27;[37m<-- GET /wd/hub/session/ba66ce3b-1a96-4765-9c02-64f8649af800 &amp#27;[39m&amp#27;[32m200&amp#27;[39m &amp#27;[90m13 ms - 973&amp#27;[39m
&amp#27;[35m[HTTP]&amp#27;[39m &amp#27;[90m&amp#27;[39m
&amp#27;[35m[HTTP]&amp#27;[39m &amp#27;[37m-->&amp#27;[39m &amp#27;[37mPOST&amp#27;[39m &amp#27;[37m/wd/hub/session/ba66ce3b-1a96-4765-9c02-64f8649af800/elements&amp#27;[39m
&amp#27;[35m[HTTP]&amp#27;[39m &amp#27;[90m{"using":"accessibility id","value":"loginButton"}&amp#27;[39m
[debug] &amp#27;[35m[W3C (ba66ce3b)]&amp#27;[39m Calling AppiumDriver.findElements() with args: ["accessibility id","loginButton","ba66ce3b-1a96-4765-9c02-64f8649af800"]
[debug] &amp#27;[35m[BaseDriver]&amp#27;[39m Valid locator strategies for this request: xpath, id, class name, accessibility id, -android uiautomator
[debug] &amp#27;[35m[BaseDriver]&amp#27;[39m Waiting up to 0 ms for condition
[debug] &amp#27;[35m[WD Proxy]&amp#27;[39m Matched '/elements' to command name 'findElements'
[debug] &amp#27;[35m[WD Proxy]&amp#27;[39m Proxying [POST /elements] to [POST http://localhost:8205/wd/hub/session/a8668f86-80ad-442a-adff-128d45ebd73d/elements] with body: {"strategy":"accessibility id","selector":"loginButton","context":"","multiple":true}
[debug] &amp#27;[35m[WD Proxy]&amp#27;[39m Got response with status 200: {"sessionId":"a8668f86-80ad-442a-adff-128d45ebd73d","status":0,"value":[]}
[debug] &amp#27;[35m[W3C (ba66ce3b)]&amp#27;[39m Responding to client with driver.findElements() result: []
&amp#27;[35m[HTTP]&amp#27;[39m &amp#27;[37m<-- POST /wd/hub/session/ba66ce3b-1a96-4765-9c02-64f8649af800/elements &amp#27;[39m&amp#27;[32m200&amp#27;[39m &amp#27;[90m170 ms - 12&amp#27;[39m
&amp#27;[35m[HTTP]&amp#27;[39m &amp#27;[90m&amp#27;[39m
&amp#27;[35m[HTTP]&amp#27;[39m &amp#27;[37m-->&amp#27;[39m &amp#27;[37mGET&amp#27;[39m &amp#27;[37m/wd/hub/session/ba66ce3b-1a96-4765-9c02-64f8649af800&amp#27;[39m
&amp#27;[35m[HTTP]&amp#27;[39m &amp#27;[90m{}&amp#27;[39m
[debug] &amp#27;[35m[W3C (ba66ce3b)]&amp#27;[39m Calling AppiumDriver.getSession() with args: ["ba66ce3b-1a96-4765-9c02-64f8649af800"]
[debug] &amp#27;[35m[UiAutomator2]&amp#27;[39m Getting session details from server to mix in
[debug] &amp#27;[35m[WD Proxy]&amp#27;[39m Matched '/' to command name 'getSession'
[debug] &amp#27;[35m[WD Proxy]&amp#27;[39m Proxying [GET /] to [GET http://localhost:8205/wd/hub/session/a8668f86-80ad-442a-adff-128d45ebd73d] with body: {}
[debug] &amp#27;[35m[WD Proxy]&amp#27;[39m Got response with status 200: "{\"sessionId\":\"a8668f86-80ad-442a-adff-128d45ebd73d\",\"status\":0,\"value\":{}}"
[debug] &amp#27;[35m[W3C (ba66ce3b)]&amp#27;[39m Responding to client with driver.getSession() result: {"platform":"LINUX","webStorageEnabled":false,"takesScreenshot":true,"javascriptEnabled":true,"databaseEnabled":false,"networkConnectionEnabled":true,"locationContextEnabled":false,"warnings":{},"desired":{"platformName":"android","app":"/Users/ashok/virtuoso-automation/target/test-classes/virtuoso.apk","automationName":"UiAutomator2","deviceName":"ignored","fullReset":false,"newCommandTimeout":500,"noReset":true},"platformName":"android","app":"/Users/ashok/virtuoso-automation/target/test-classes/virtuoso.apk","automationName":"UiAutomator2","deviceName":"emulator-5554","fullReset":false,"newCommandTimeout":500,"noReset":true,"deviceUDID":"emulator-5554","appPackage":"com.virtuoso","deviceApiLevel":28,"platformVersion":"9","deviceScreenSize":"1080x1920","deviceScreenDensity":420,"deviceModel":"Android SDK built for x86","deviceManufacturer":"Google","pixelRatio":2.625,"statBarHeight":63,"viewportRect":{"left":0,"top":63,"width":1080,"height":1731}}
&amp#27;[35m[HTTP]&amp#27;[39m &amp#27;[37m<-- GET /wd/hub/session/ba66ce3b-1a96-4765-9c02-64f8649af800 &amp#27;[39m&amp#27;[32m200&amp#27;[39m &amp#27;[90m9 ms - 973&amp#27;[39m
&amp#27;[35m[HTTP]&amp#27;[39m &amp#27;[90m&amp#27;[39m
&amp#27;[35m[HTTP]&amp#27;[39m &amp#27;[37m-->&amp#27;[39m &amp#27;[37mPOST&amp#27;[39m &amp#27;[37m/wd/hub/session/ba66ce3b-1a96-4765-9c02-64f8649af800/elements&amp#27;[39m
&amp#27;[35m[HTTP]&amp#27;[39m &amp#27;[90m{"using":"accessibility id","value":"loginButton"}&amp#27;[39m
[debug] &amp#27;[35m[W3C (ba66ce3b)]&amp#27;[39m Calling AppiumDriver.findElements() with args: ["accessibility id","loginButton","ba66ce3b-1a96-4765-9c02-64f8649af800"]
[debug] &amp#27;[35m[BaseDriver]&amp#27;[39m Valid locator strategies for this request: xpath, id, class name, accessibility id, -android uiautomator
[debug] &amp#27;[35m[BaseDriver]&amp#27;[39m Waiting up to 0 ms for condition
[debug] &amp#27;[35m[WD Proxy]&amp#27;[39m Matched '/elements' to command name 'findElements'
[debug] &amp#27;[35m[WD Proxy]&amp#27;[39m Proxying [POST /elements] to [POST http://localhost:8205/wd/hub/session/a8668f86-80ad-442a-adff-128d45ebd73d/elements] with body: {"strategy":"accessibility id","selector":"loginButton","context":"","multiple":true}
[debug] &amp#27;[35m[WD Proxy]&amp#27;[39m Got response with status 200: {"sessionId":"a8668f86-80ad-442a-adff-128d45ebd73d","status":0,"value":[]}
[debug] &amp#27;[35m[W3C (ba66ce3b)]&amp#27;[39m Responding to client with driver.findElements() result: []
&amp#27;[35m[HTTP]&amp#27;[39m &amp#27;[37m<-- POST /wd/hub/session/ba66ce3b-1a96-4765-9c02-64f8649af800/elements &amp#27;[39m&amp#27;[32m200&amp#27;[39m &amp#27;[90m22 ms - 12&amp#27;[39m
&amp#27;[35m[HTTP]&amp#27;[39m &amp#27;[90m&amp#27;[39m
failed
finished
]]></system-out>
  </testcase>
  <testcase name="verificationRejectRequestRR" classname="com.virtuoso.suites.testcases.mobile.RequestRR" time="4.253">
    <error message="Index: 0, Size: 0" type="java.lang.IndexOutOfBoundsException">java.lang.IndexOutOfBoundsException: Index: 0, Size: 0
</error>
    <system-out><![CDATA[&amp#27;[35m[HTTP]&amp#27;[39m &amp#27;[37m-->&amp#27;[39m &amp#27;[37mGET&amp#27;[39m &amp#27;[37m/wd/hub/session/ba66ce3b-1a96-4765-9c02-64f8649af800&amp#27;[39m
&amp#27;[35m[HTTP]&amp#27;[39m &amp#27;[90m{}&amp#27;[39m
[debug] &amp#27;[35m[W3C (ba66ce3b)]&amp#27;[39m Calling AppiumDriver.getSession() with args: ["ba66ce3b-1a96-4765-9c02-64f8649af800"]
[debug] &amp#27;[35m[UiAutomator2]&amp#27;[39m Getting session details from server to mix in
[debug] &amp#27;[35m[WD Proxy]&amp#27;[39m Matched '/' to command name 'getSession'
[debug] &amp#27;[35m[WD Proxy]&amp#27;[39m Proxying [GET /] to [GET http://localhost:8205/wd/hub/session/a8668f86-80ad-442a-adff-128d45ebd73d] with body: {}
[debug] &amp#27;[35m[WD Proxy]&amp#27;[39m Got response with status 200: "{\"sessionId\":\"a8668f86-80ad-442a-adff-128d45ebd73d\",\"status\":0,\"value\":{}}"
[...]
&amp#27;[35m[HTTP]&amp#27;[39m &amp#27;[37m<-- GET /wd/hub/session/d31da2f7-7c7e-4d81-8fde-8b1f3b9665b9 &amp#27;[39m&amp#27;[32m200&amp#27;[39m &amp#27;[90m10 ms - 973&amp#27;[39m
&amp#27;[35m[HTTP]&amp#27;[39m &amp#27;[90m&amp#27;[39m
&amp#27;[35m[HTTP]&amp#27;[39m &amp#27;[37m-->&amp#27;[39m &amp#27;[37mGET&amp#27;[39m &amp#27;[37m/wd/hub/session/d31da2f7-7c7e-4d81-8fde-8b1f3b9665b9&amp#27;[39m
&amp#27;[35m[HTTP]&amp#27;[39m &amp#27;[90m{}&amp#27;[39m
[debug] &amp#27;[35m[W3C (d31da2f7)]&amp#27;[39m Calling AppiumDriver.getSession() with args: ["d31da2f7-7c7e-4d81-8fde-8b1f3b9665b9"]
[debug] &amp#27;[35m[UiAutomator2]&amp#27;[39m Getting session details from server to mix in
[debug] &amp#27;[35m[WD Proxy]&amp#27;[39m Matched '/' to command name 'getSession'
[debug] &amp#27;[35m[WD Proxy]&amp#27;[39m Proxying [GET /] to [GET http://localhost:8205/wd/hub/session/cdeb5ea4-1f97-4c98-a2c1-22e47e9808fa] with body: {}
[debug] &amp#27;[35m[WD Proxy]&amp#27;[39m Got response with status 200: "{\"sessionId\":\"cdeb5ea4-1f97-4c98-a2c1-22e47e9808fa\",\"status\":0,\"value\":{}}"
[debug] &amp#27;[35m[W3C (d31da2f7)]&amp#27;[39m Responding to client with driver.getSession() result: {"platform":"LINUX","webStorageEnabled":false,"takesScreenshot":true,"javascriptEnabled":true,"databaseEnabled":false,"networkConnectionEnabled":true,"locationContextEnabled":false,"warnings":{},"desired":{"platformName":"android","app":"/Users/ashok/virtuoso-automation/target/test-classes/virtuoso.apk","automationName":"UiAutomator2","deviceName":"ignored","fullReset":false,"newCommandTimeout":500,"noReset":true},"platformName":"android","app":"/Users/ashok/virtuoso-automation/target/test-classes/virtuoso.apk","automationName":"UiAutomator2","deviceName":"emulator-5554","fullReset":false,"newCommandTimeout":500,"noReset":true,"deviceUDID":"emulato2019-05-29 11:19:31 INFO  BasePage:618 - +++++++++++++++++++++++++++++++++++++++++++++++++++++++++++++++++++++++
2019-05-29 11:19:31 INFO  BasePage:619 - Class name : sun.reflect.NativeMethodAccessorImplMethod name : invoke0
r-5554","appPackage":"com.virtuoso","deviceApiLevel":28,"platformVersion":"9","deviceScreenSize":"1080x1920","deviceScreenDensity":420,"deviceModel":"Android SDK built for x86","deviceManufacturer":"Google","pixelRatio":2.625,"statBarHeight":63,"viewportRect":{"left":0,"top":63,"width":1080,"height":1731}}
&amp#27;[35m[HTTP]&amp#27;[39m &amp#27;[37m<-- GET /wd/hub/session/d31da2f7-7c7e-4d81-8fde-8b1f3b9665b9 &amp#27;[39m&amp#27;[32m200&amp#27;[39m &amp#27;[90m10 ms - 973&amp#27;[39m
&amp#27;[35m[HTTP]&amp#27;[39m &amp#27;[90m&amp#27;[39m
&amp#27;[35m[HTTP]&amp#27;[39m &amp#27;[37m-->&amp#27;[39m &amp#27;[37mPOST&amp#27;[39m &amp#27;[37m/wd/hub/session/d31da2f7-7c7e-4d81-8fde-8b1f3b9665b9/appium/app/reset&amp#27;[39m
&amp#27;[35m[HTTP]&amp#27;[39m &amp#27;[90m{}&amp#27;[39m
[debug] &amp#27;[35m[W3C (d31da2f7)]&amp#27;[39m Calling AppiumDriver.reset() with args: ["d31da2f7-7c7e-4d81-8fde-8b1f3b9665b9"]
[debug] &amp#27;[35m[ADB]&amp#27;[39m Getting install status for com.virtuoso
[debug] &amp#27;[35m[ADB]&amp#27;[39m Running '/Users/ashok/Library/Android/sdk/platform-tools/adb -P 5037 -s emulator-5554 shell dumpsys package com.virtuoso'
[debug] &amp#27;[35m[ADB]&amp#27;[39m 'com.virtuoso' is installed
[debug] &amp#27;[35m[ADB]&amp#27;[39m Running '/Users/ashok/Library/Android/sdk/platform-tools/adb -P 5037 -s emulator-5554 shell am force-stop com.virtuoso'
[debug] &amp#27;[35m[ADB]&amp#27;[39m Running '/Users/ashok/Library/Android/sdk/platform-tools/adb -P 5037 -s emulator-5554 shell pm clear com.virtuoso'
[debug] &amp#27;[35m[AndroidDriver]&amp#27;[39m Performed fast reset on the installed 'com.virtuoso' application (stop and clear)
[debug] &amp#27;[35m[ADB]&amp#27;[39m Running '/Users/ashok/Library/Android/sdk/platform-tools/adb -P 5037 -s emulator-5554 shell am start -W -n com.virtuoso/com.virtuoso.MainActivity -S -a android.intent.action.MAIN -c android.intent.category.LAUNCHER -f 0x10200000'
[debug] &amp#27;[35m[ADB]&amp#27;[39m Waiting up to 20000ms for activity matching pkg: 'com.virtuoso' and activity: 'com.virtuoso.MainActivity' to be focused
[debug] &amp#27;[35m[ADB]&amp#27;[39m Possible activities, to be checked: 'com.virtuoso.MainActivity', 'com.virtuoso.com.virtuoso.MainActivity'
[debug] &amp#27;[35m[ADB]&amp#27;[39m Getting focused package and activity
[debug] &amp#27;[35m[ADB]&amp#27;[39m Running '/Users/ashok/Library/Android/sdk/platform-tools/adb -P 5037 -s emulator-5554 shell dumpsys window windows'
[debug] &amp#27;[35m[ADB]&amp#27;[39m Found package: 'com.virtuoso' and fully qualified activity name : 'com.virtuoso.MainActivity'
[debug] &amp#27;[35m[W3C (d31da2f7)]&amp#27;[39m Responding to client with driver.reset() result: null
&amp#27;[35m[HTTP]&amp#27;[39m &amp#27;[37m<-- POST /wd/hub/session/d31da2f7-7c7e-4d81-8fde-8b1f3b9665b9/appium/app/reset &amp#27;[39m&amp#27;[32m200&amp#27;[39m &amp#27;[90m1201 ms - 14&amp#27;[39m
&amp#27;[35m[HTTP]&amp#27;[39m &amp#27;[90m&amp#27;[39m
&amp#27;[35m[HTTP]&amp#27;[39m &amp#27;[37m-->&amp#27;[39m &amp#27;[37mGET&amp#27;[39m &amp#27;[37m/wd/hub/session/d31da2f7-7c7e-4d81-8fde-8b1f3b9665b9/screenshot&amp#27;[39m
&amp#27;[35m[HTTP]&amp#27;[39m &amp#27;[90m{}&amp#27;[39m
[debug] &amp#27;[35m[W3C (d31da2f7)]&amp#27;[39m Calling AppiumDriver.getScreenshot() with args: ["d31da2f7-7c7e-4d81-8fde-8b1f3b9665b9"]
[debug] &amp#27;[35m[WD Proxy]&amp#27;[39m Matched '/screenshot' to command name 'getScreenshot'
[debug] &amp#27;[35m[WD Proxy]&amp#27;[39m Proxying [GET /screenshot] to [GET http://localhost:8205/wd/hub/session/cdeb5ea4-1f97-4c98-a2c1-22e47e9808fa/screenshot] with no body
[debug] &amp#27;[35m[WD Proxy]&amp#27;[39m Got response with status 200: "{\"sessionId\":\"cdeb5ea4-1f97-4c98-a2c1-22e47e9808fa\",\"status\":0,\"value\":\"iVBORw0KGgoAAAANSUhEUgAABDgAAAeACAYAAAArYecKAAAABHNCSVQICAgIfAhkiAAAIABJREFU\\neJzs3WeQXeV9+PHf2d5UV733VUMCUQ1CRMgNhjg4LkzscSEkLxxnPHHGuMSTseOZxDNJZpx4Eo8z\\njnHBGTtxMBjDYAsZY5CwAcugglDvfdWlbdrde\\/8v9N8bVkhCZffuPvD5vJLu3XvOuSq753zvc54n\\nu\\/\\/++\\/MBAAAAkKgsy6Kkrw8CAAAA4EoJHAAAAEDyBA4AAAAgeQIHAAAAkDyBAwAAAEiewAEAAAAk\\nT+AAAAAAkidwAAAAAMkTOAAAAIDkCRwAAABA8gQOAAAAIHllfX0AwFtXSUlJDBw4MObMmRMzZsyI\\nUaNGRU1NTWRZFk1NTdHY2BgbNmyItWvXxvHjxyOXy\\/X1IQMAAP1Udv\\/99+f7+iCAt44sy2LkyJHx\\nvve9L8aNGxclJSWRZdkFX5PP5yOfz8fevXvj4Ycfjt27d0c+71sXAABwRpZlAgdQPIMHD44vfOEL\\nERFvGDXOpytsfP7znxc5AAD+v5KSkqirq4sBAwZEeXl5lJWVRXt7e5w+fTpOnjwZTU1NSZ07lZaW\\nRm1tbdTW1kZdXV3U1NREbW1tVFdXR2trazQ3N8epU6fiyJEjceTIkaTeW39x7733xsCBA8\\/7fEdH\\nR\\/z7v\\/97EY\\/oymRZ5hYV0lNXVxdz5syJCRMmnPP5nTt3xrp16+LkyZNFPrKe1xUBqqur46qrroqS\\nkpJYvXp1NDU1RZZlyXwjLysri7\\/4i7+IsWPHXnbY6NL1+nvuuSd+9KMf9cThFUV5eXk0NDTE5MmT\\nL\\/m1uVwu1q9fH7t27YrTp0\\/3wtEBACnKsizKysqivr4+...
[debug] &amp#27;[35m[W3C (d31da2f7)]&amp#27;[39m Responding to client with driver.getScreenshot() result: "iVBORw0KGgoAAAANSUhEUgAABDgAAAeACAYAAAArYecKAAAABHNCSVQICAgIfAhkiAAAIABJREFU\neJzs3WeQXeV9+PHf2d5UV733VUMCUQ1CRMgNhjg4LkzscSEkLxxnPHHGuMSTseOZxDNJZpx4Eo8z\njnHBGTtxMBjDYAsZY5CwAcugglDvfdWlbdrde/8v9N8bVkhCZffuPvD5vJLu3XvOuSq753zvc54n\nu//++/MBAAAAkKgsy6Kkrw8CAAAA4EoJHAAAAEDyBA4AAAAgeQIHAAAAkDyBAwAAAEiewAEAAAAk\nT+AAAAAAkidwAAAAAMkTOAAAAIDkCRwAAABA8gQOAAAAIHllfX0AwFtXSUlJDBw4MObMmRMzZsyI\nUaNGRU1NTWRZFk1NTdHY2BgbNmyItWvXxvHjxyOXy/X1IQMAAP1Udv/99+f7+iCAt44sy2LkyJHx\nvve9L8aNGxclJSWRZdkFX5PP5yOfz8fevXvj4Ycfjt27d0c+71sXAABwRpZlAgdQPIMHD44vfOEL\nERFvGDXOpytsfP7znxc5AAD+v5KSkqirq4sBAwZEeXl5lJWVRXt7e5w+fTpOnjwZTU1NSZ07lZaW\nRm1tbdTW1kZdXV3U1NREbW1tVFdXR2trazQ3N8epU6fiyJEjceTIkaTeW39x7733xsCBA8/7fEdH\nR/z7v/97EY/oymRZ5hYV0lNXVxdz5syJCRMmnPP5nTt3xrp16+LkyZNFPrKe1xUBqqur46qrroqS\nkpJYvXp1NDU1RZZlyXwjLysri7/4i7+IsWPHXnbY6NL1+nvuuSd+9KMf9cThFUV5eXk0NDTE5MmT\nL/m1uVwu1q9fH7t27YrTp0/3wtEBACnKsizKysqivr4+RowYEWPHjo2RI0dGTU1NVFZWRmtrazQ1\nNcW+ffti79690djYGIcPH47Ozs6+PvTXKSsri6lTp8b06dNj+vTpMWrUqIs+b+zo6IiDBw/GgQMH\nCu91y5...
&amp#27;[35m[HTTP]&amp#27;[39m &amp#27;[37m<-- GET /wd/hub/session/d31da2f7-7c7e-4d81-8fde-8b1f3b9665b9/screenshot &amp#27;[39m&amp#27;[32m200&amp#27;[39m &amp#27;[90m333 ms - 32460&amp#27;[39m
&amp#27;Took screenshot - /Users/ashok/virtuoso-automation/screenshot1909159592084884957.png
[35m[HTTP]&amp#27;[39m &amp#27;[90m&amp#27;[39m
2019-05-29 11:19:32 INFO  BasePage:629 - +++++++++++++++++++++++++++++++++++++++++++++++++++++++++++++++++++++++
&amp#27;[35m[HTTP]&amp#27;[39m &amp#27;[37m-->&amp#27;[39m &amp#27;[37mGET&amp#27;[39m &amp#27;[37m/wd/hub/session/d31da2f7-7c7e-4d81-8fde-8b1f3b9665b9&amp#27;[39m
&amp#27;[35m[HTTP]&amp#27;[39m &amp#27;[90m{}&amp#27;[39m
[debug] &amp#27;[35m[W3C (d31da2f7)]&amp#27;[39m Calling AppiumDriver.getSession() with args: ["d31da2f7-7c7e-4d81-8fde-8b1f3b9665b9"]
[debug] &amp#27;[35m[UiAutomator2]&amp#27;[39m Getting session details from server to mix in
[debug] &amp#27;[35m[WD Proxy]&amp#27;[39m Matched '/' to command name 'getSession'
[debug] &amp#27;[35m[WD Proxy]&amp#27;[39m Proxying [GET /] to [GET http://localhost:8205/wd/hub/session/cdeb5ea4-1f97-4c98-a2c1-22e47e9808fa] with body: {}
[debug] &amp#27;[35m[WD Proxy]&amp#27;[39m Got response with status 200: "{\"sessionId\":\"cdeb5ea4-1f97-4c98-a2c1-22e47e9808fa\",\"status\":0,\"value\":{}}"
[debug] &amp#27;[35m[W3C (d31da2f7)]&amp#27;[39m Responding to client with driver.getSession() result: {"platform":"LINUX","webStorageEnabled":false,"takesScreenshot":true,"javascriptEnabled":true,"databaseEnabled":false,"networkConnectionEnabled":true,"locationContextEnabled":false,"warnings":{},"desired":{"platformName":"android","app":"/Users/ashok/virtuoso-automation/target/test-classes/virtuoso.apk","automationName":"UiAutomator2","deviceName":"ignored","fullReset":false,"newCommandTimeout":500,"noReset":true},"platformName":"android","app":"/Users/ashok/virtuoso-automation/target/test-classes/virtuoso.apk","automationName":"UiAutomator2","deviceName":"emulator-5554","fullReset":false,"newCommandTimeout":500,"noReset":true,"deviceUDID":"emulator-5554","appPackage":"com.virtuoso","deviceApiLevel":28,"platformVersion":"9","deviceScreenSize":"1080x1920","deviceScreenDensity":420,"deviceModel":"Android SDK built for x86","deviceManufacturer":"Google","pixelRatio":2.625,"statBarHeight":63,"viewportRect":{"left":0,"top":63,"width":1080,"height":1731}}
&amp#27;[35m[HTTP]&amp#27;[39m &amp#27;[37m<-- GET /wd/hub/session/d31da2f7-7c7e-4d81-8fde-8b1f3b9665b9 &amp#27;[39m&amp#27;[32m200&amp#27;[39m &amp#27;[90m22 ms - 973&amp#27;[39m
&amp#27;[35m[HTTP]&amp#27;[39m &amp#27;[90m&amp#27;[39m
&amp#27;[35m[HTTP]&amp#27;[39m &amp#27;[37m-->&amp#27;[39m &amp#27;[37mPOST&amp#27;[39m &amp#27;[37m/wd/hub/session/d31da2f7-7c7e-4d81-8fde-8b1f3b9665b9/elements&amp#27;[39m
&amp#27;[35m[HTTP]&amp#27;[39m &amp#27;[90m{"using":"accessibility id","value":"loginButton"}&amp#27;[39m
[debug] &amp#27;[35m[W3C (d31da2f7)]&amp#27;[39m Calling AppiumDriver.findElements() with args: ["accessibility id","loginButton","d31da2f7-7c7e-4d81-8fde-8b1f3b9665b9"]
[debug] &amp#27;[35m[BaseDriver]&amp#27;[39m Valid locator strategies for this request: xpath, id, class name, accessibility id, -android uiautomator
[debug] &amp#27;[35m[BaseDriver]&amp#27;[39m Waiting up to 0 ms for condition
[debug] &amp#27;[35m[WD Proxy]&amp#27;[39m Matched '/elements' to command name 'findElements'
[debug] &amp#27;[35m[WD Proxy]&amp#27;[39m Proxying [POST /elements] to [POST http://localhost:8205/wd/hub/session/cdeb5ea4-1f97-4c98-a2c1-22e47e9808fa/elements] with body: {"strategy":"accessibility id","selector":"loginButton","context":"","multiple":true}
[debug] &amp#27;[35m[WD Proxy]&amp#27;[39m Got response with status 200: {"sessionId":"cdeb5ea4-1f97-4c98-a2c1-22e47e9808fa","status":0,"value":[]}
[debug] &amp#27;[35m[W3C (d31da2f7)]&amp#27;[39m Responding to client with driver.findElements() result: []
&amp#27;[35m[HTTP]&amp#27;[39m &amp#27;[37m<-- POST /wd/hub/session/d31da2f7-7c7e-4d81-8fde-8b1f3b9665b9/elements &amp#27;[39m&amp#27;[32m200&amp#27;[39m &amp#27;[90m40 ms - 12&amp#27;[39m
&amp#27;[35m[HTTP]&amp#27;[39m &amp#27;[90m&amp#27;[39m
&amp#27;[35m[HTTP]&amp#27;[39m &amp#27;[37m-->&amp#27;[39m &amp#27;[37mGET&amp#27;[39m &amp#27;[37m/wd/hub/session/d31da2f7-7c7e-4d81-8fde-8b1f3b9665b9&amp#27;[39m
&amp#27;[35m[HTTP]&amp#27;[39m &amp#27;[90m{}&amp#27;[39m
[debug] &amp#27;[35m[W3C (d31da2f7)]&amp#27;[39m Calling AppiumDriver.getSession() with args: ["d31da2f7-7c7e-4d81-8fde-8b1f3b9665b9"]
[debug] &amp#27;[35m[UiAutomator2]&amp#27;[39m Getting session details from server to mix in
[debug] &amp#27;[35m[WD Proxy]&amp#27;[39m Matched '/' to command name 'getSession'
[debug] &amp#27;[35m[WD Proxy]&amp#27;[39m Proxying [GET /] to [GET http://localhost:8205/wd/hub/session/cdeb5ea4-1f97-4c98-a2c1-22e47e9808fa] with body: {}
[debug] &amp#27;[35m[WD Proxy]&amp#27;[39m Got response with status 200: "{\"sessionId\":\"cdeb5ea4-1f97-4c98-a2c1-22e47e9808fa\",\"status\":0,\"value\":{}}"
[debug] &amp#27;[35m[W3C (d31da2f7)]&amp#27;[39m Responding to client with driver.getSession() result: {"platform":"LINUX","webStorageEnabled":false,"takesScreenshot":true,"javascriptEnabled":true,"databaseEnabled":false,"networkConnectionEnabled":true,"locationContextEnabled":false,"warnings":{},"desired":{"platformName":"android","app":"/Users/ashok/virtuoso-automation/target/test-classes/virtuoso.apk","automationName":"UiAutomator2","deviceName":"ignored","fullReset":false,"newCommandTimeout":500,"noReset":true},"platformName":"android","app":"/Users/ashok/virtuoso-automation/target/test-classes/virtuoso.apk","automationName":"UiAutomator2","deviceName":"emulator-5554","fullReset":false,"newCommandTimeout":500,"noReset":true,"deviceUDID":"emulator-5554","appPackage":"com.virtuoso","deviceApiLevel":28,"platformVersion":"9","deviceScreenSize":"1080x1920","deviceScreenDensity":420,"deviceModel":"Android SDK built for x86","deviceManufacturer":"Google","pixelRatio":2.625,"statBarHeight":63,"viewportRect":{"left":0,"top":63,"width":1080,"height":1731}}
&amp#27;[35m[HTTP]&amp#27;[39m &amp#27;[37m<-- GET /wd/hub/session/d31da2f7-7c7e-4d81-8fde-8b1f3b9665b9 &amp#27;[39m&amp#27;[32m200&amp#27;[39m &amp#27;[90m11 ms - 973&amp#27;[39m
&amp#27;[35m[HTTP]&amp#27;[39m &amp#27;[90m&amp#27;[39m
&amp#27;[35m[HTTP]&amp#27;[39m &amp#27;[37m-->&amp#27;[39m &amp#27;[37mPOST&amp#27;[39m &amp#27;[37m/wd/hub/session/d31da2f7-7c7e-4d81-8fde-8b1f3b9665b9/elements&amp#27;[39m
&amp#27;[35m[HTTP]&amp#27;[39m &amp#27;[90m{"using":"accessibility id","value":"loginButton"}&amp#27;[39m
[debug] &amp#27;[35m[W3C (d31da2f7)]&amp#27;[39m Calling AppiumDriver.findElements() with args: ["accessibility id","loginButton","d31da2f7-7c7e-4d81-8fde-8b1f3b9665b9"]
[debug] &amp#27;[35m[BaseDriver]&amp#27;[39m Valid locator strategies for this request: xpath, id, class name, accessibility id, -android uiautomator
[debug] &amp#27;[35m[BaseDriver]&amp#27;[39m Waiting up to 0 ms for condition
[debug] &amp#27;[35m[WD Proxy]&amp#27;[39m Matched '/elements' to command name 'findElements'
[debug] &amp#27;[35m[WD Proxy]&amp#27;[39m Proxying [POST /elements] to [POST http://localhost:8205/wd/hub/session/cdeb5ea4-1f97-4c98-a2c1-22e47e9808fa/elements] with body: {"strategy":"accessibility id","selector":"loginButton","context":"","multiple":true}
[debug] &amp#27;[35m[WD Proxy]&amp#27;[39m Got response with status 200: {"sessionId":"cdeb5ea4-1f97-4c98-a2c1-22e47e9808fa","status":0,"value":[]}
[debug] &amp#27;[35m[W3C (d31da2f7)]&amp#27;[39m Responding to client with driver.findElements() result: []
&amp#27;[35m[HTTP]&amp#27;[39m &amp#27;[37m<-- POST /wd/hub/session/d31da2f7-7c7e-4d81-8fde-8b1f3b9665b9/elements &amp#27;[39m&amp#27;[32m200&amp#27;[39m &amp#27;[90m198 ms - 12&amp#27;[39m
&amp#27;[35m[HTTP]&amp#27;[39m &amp#27;[90m&amp#27;[39m
&amp#27;[35m[HTTP]&amp#27;[39m &amp#27;[37m-->&amp#27;[39m &amp#27;[37mGET&amp#27;[39m &amp#27;[37m/wd/hub/session/d31da2f7-7c7e-4d81-8fde-8b1f3b9665b9&amp#27;[39m
&amp#27;[35m[HTTP]&amp#27;[39m &amp#27;[90m{}&amp#27;[39m
[debug] &amp#27;[35m[W3C (d31da2f7)]&amp#27;[39m Calling AppiumDriver.getSession() with args: ["d31da2f7-7c7e-4d81-8fde-8b1f3b9665b9"]
[debug] &amp#27;[35m[UiAutomator2]&amp#27;[39m Getting session details from server to mix in
[debug] &amp#27;[35m[WD Proxy]&amp#27;[39m Matched '/' to command name 'getSession'
[debug] &amp#27;[35m[WD Proxy]&amp#27;[39m Proxying [GET /] to [GET http://localhost:8205/wd/hub/session/cdeb5ea4-1f97-4c98-a2c1-22e47e9808fa] with body: {}
[debug] &amp#27;[35m[WD Proxy]&amp#27;[39m Got response with status 200: "{\"sessionId\":\"cdeb5ea4-1f97-4c98-a2c1-22e47e9808fa\",\"status\":0,\"value\":{}}"
[debug] &amp#27;[35m[W3C (d31da2f7)]&amp#27;[39m Responding to client with driver.getSession() result: {"platform":"LINUX","webStorageEnabled":false,"takesScreenshot":true,"javascriptEnabled":true,"databaseEnabled":false,"networkConnectionEnabled":true,"locationContextEnabled":false,"warnings":{},"desired":{"platformName":"android","app":"/Users/ashok/virtuoso-automation/target/test-classes/virtuoso.apk","automationName":"UiAutomator2","deviceName":"ignored","fullReset":false,"newCommandTimeout":500,"noReset":true},"platformName":"android","app":"/Users/ashok/virtuoso-automation/target/test-classes/virtuoso.apk","automationName":"UiAutomator2","deviceName":"emulator-5554","fullReset":false,"newCommandTimeout":500,"noReset":true,"deviceUDID":"emulator-5554","appPackage":"com.virtuoso","deviceApiLevel":28,"platformVersion":"9","deviceScreenSize":"1080x1920","deviceScreenDensity":420,"deviceModel":"Android SDK built for x86","deviceManufacturer":"Google","pixelRatio":2.625,"statBarHeight":63,"viewportRect":{"left":0,"top":63,"width":1080,"height":1731}}
&amp#27;[35m[HTTP]&amp#27;[39m &amp#27;[37m<-- GET /wd/hub/session/d31da2f7-7c7e-4d81-8fde-8b1f3b9665b9 &amp#27;[39m&amp#27;[32m200&amp#27;[39m &amp#27;[90m11 ms - 973&amp#27;[39m
&amp#27;[35m[HTTP]&amp#27;[39m &amp#27;[90m&amp#27;[39m
&amp#27;[35m[HTTP]&amp#27;[39m &amp#27;[37m-->&amp#27;[39m &amp#27;[37mPOST&amp#27;[39m &amp#27;[37m/wd/hub/session/d31da2f7-7c7e-4d81-8fde-8b1f3b9665b9/elements&amp#27;[39m
&amp#27;[35m[HTTP]&amp#27;[39m &amp#27;[90m{"using":"accessibility id","value":"loginButton"}&amp#27;[39m
[debug] &amp#27;[35m[W3C (d31da2f7)]&amp#27;[39m Calling AppiumDriver.findElements() with args: ["accessibility id","loginButton","d31da2f7-7c7e-4d81-8fde-8b1f3b9665b9"]
[debug] &amp#27;[35m[BaseDriver]&amp#27;[39m Valid locator strategies for this request: xpath, id, class name, accessibility id, -android uiautomator
[debug] &amp#27;[35m[BaseDriver]&amp#27;[39m Waiting up to 0 ms for condition
[debug] &amp#27;[35m[WD Proxy]&amp#27;[39m Matched '/elements' to command name 'findElements'
[debug] &amp#27;[35m[WD Proxy]&amp#27;[39m Proxying [POST /elements] to [POST http://localhost:8205/wd/hub/session/cdeb5ea4-1f97-4c98-a2c1-22e47e9808fa/elements] with body: {"strategy":"accessibility id","selector":"loginButton","context":"","multiple":true}
[debug] &amp#27;[35m[WD Proxy]&amp#27;[39m Got response with status 200: {"sessionId":"cdeb5ea4-1f97-4c98-a2c1-22e47e9808fa","status":0,"value":[]}
[debug] &amp#27;[35m[W3C (d31da2f7)]&amp#27;[39m Responding to client with driver.findElements() result: []
&amp#27;[35m[HTTP]&amp#27;[39m &amp#27;[37m<-- POST /wd/hub/session/d31da2f7-7c7e-4d81-8fde-8b1f3b9665b9/elements &amp#27;[39m&amp#27;[32m200&amp#27;[39m &amp#27;[90m23 ms - 12&amp#27;[39m
&amp#27;[35m[HTTP]&amp#27;[39m &amp#27;[90m&amp#27;[39m
failed
finished
]]></system-out>
  </testcase>
</testsuite>